#
# There is insufficient memory for the Java Runtime Environment to continue.
# Native memory allocation (malloc) failed to allocate 145216 bytes for Chunk::new
# Possible reasons:
#   The system is out of physical RAM or swap space
#   The process is running with CompressedOops enabled, and the Java Heap may be blocking the growth of the native heap
# Possible solutions:
#   Reduce memory load on the system
#   Increase physical memory or swap space
#   Check if swap backing store is full
#   Decrease Java heap size (-Xmx/-Xms)
#   Decrease number of Java threads
#   Decrease Java thread stack sizes (-Xss)
#   Set larger code cache with -XX:ReservedCodeCacheSize=
#   JVM is running with Unscaled Compressed Oops mode in which the Java heap is
#     placed in the first 4GB address space. The Java Heap base address is the
#     maximum limit for the native heap growth. Please use -XX:HeapBaseMinAddress
#     to set the Java Heap base and to place the Java Heap above 4GB virtual address.
# This output file may be truncated or incomplete.
#
#  Out of Memory Error (arena.cpp:189), pid=31336, tid=30048
#
# JRE version: Java(TM) SE Runtime Environment (17.0.12+8) (build 17.0.12+8-LTS-286)
# Java VM: Java HotSpot(TM) 64-Bit Server VM (17.0.12+8-LTS-286, mixed mode, sharing, tiered, compressed oops, compressed class ptrs, g1 gc, windows-amd64)
# No core dump will be written. Minidumps are not enabled by default on client versions of Windows
#

---------------  S U M M A R Y ------------

Command Line: --add-opens=java.base/java.lang=ALL-UNNAMED --add-opens=java.base/java.lang.invoke=ALL-UNNAMED --add-opens=java.base/java.util=ALL-UNNAMED --add-opens=java.prefs/java.util.prefs=ALL-UNNAMED --add-exports=jdk.compiler/com.sun.tools.javac.api=ALL-UNNAMED --add-exports=jdk.compiler/com.sun.tools.javac.util=ALL-UNNAMED --add-opens=java.base/java.util=ALL-UNNAMED --add-opens=java.prefs/java.util.prefs=ALL-UNNAMED --add-opens=java.base/java.nio.charset=ALL-UNNAMED --add-opens=java.base/java.net=ALL-UNNAMED --add-opens=java.base/java.util.concurrent.atomic=ALL-UNNAMED --add-opens=java.xml/javax.xml.namespace=ALL-UNNAMED -XX:MaxMetaspaceSize=384m -XX:+HeapDumpOnOutOfMemoryError -Xms256m -Xmx512m -Dfile.encoding=UTF-8 -Duser.country=KR -Duser.language=ko -Duser.variant -javaagent:C:\Users\chd00\.gradle\wrapper\dists\gradle-8.13-bin\5xuhj0ry160q40clulazy9h7d\gradle-8.13\lib\agents\gradle-instrumentation-agent-8.13.jar org.gradle.launcher.daemon.bootstrap.GradleDaemon 8.13

Host: Intel(R) Core(TM) i3-8130U CPU @ 2.20GHz, 4 cores, 7G,  Windows 11 , 64 bit Build 22621 (10.0.22621.5124)
Time: Mon May 12 15:11:03 2025  Windows 11 , 64 bit Build 22621 (10.0.22621.5124) elapsed time: 424.201462 seconds (0d 0h 7m 4s)

---------------  T H R E A D  ---------------

Current thread (0x0000015f025dcc80):  JavaThread "C2 CompilerThread0" daemon [_thread_in_native, id=30048, stack(0x0000003fca900000,0x0000003fcaa00000)]


Current CompileTask:
C2: 424201 4548 %     4       java.util.regex.Matcher::search @ 46 (154 bytes)

Stack: [0x0000003fca900000,0x0000003fcaa00000]
Native frames: (J=compiled Java code, j=interpreted, Vv=VM code, C=native code)
V  [jvm.dll+0x67a04a]
V  [jvm.dll+0x7da4ed]
V  [jvm.dll+0x7dbe33]
V  [jvm.dll+0x7dc4a3]
V  [jvm.dll+0x24508f]
V  [jvm.dll+0xab773]
V  [jvm.dll+0xabd3c]
V  [jvm.dll+0x361bee]
V  [jvm.dll+0x32c431]
V  [jvm.dll+0x32b8ca]
V  [jvm.dll+0x21683f]
V  [jvm.dll+0x215c6f]
V  [jvm.dll+0x1a2960]
V  [jvm.dll+0x22610b]
V  [jvm.dll+0x2242ab]
V  [jvm.dll+0x79075c]
V  [jvm.dll+0x78abea]
V  [jvm.dll+0x678f35]
C  [ucrtbase.dll+0x29333]
C  [KERNEL32.DLL+0x1259d]
C  [ntdll.dll+0x5af38]


---------------  P R O C E S S  ---------------

Threads class SMR info:
_java_thread_list=0x0000015f1e71d3b0, length=35, elements={
0x0000015f684f5530, 0x0000015f025b6890, 0x0000015f025b7dc0, 0x0000015f025d6f40,
0x0000015f025d8e20, 0x0000015f025db700, 0x0000015f025dbfd0, 0x0000015f025dcc80,
0x0000015f026f8120, 0x0000015f026fe4f0, 0x0000015f025a0740, 0x0000015f0284be90,
0x0000015f1d0b0ea0, 0x0000015f1cb2a590, 0x0000015f1c9b76c0, 0x0000015f1d76a6e0,
0x0000015f1d7a33f0, 0x0000015f1c5eb6e0, 0x0000015f1c5ebbf0, 0x0000015f1c5ec100,
0x0000015f1c5ec610, 0x0000015f1c5eacc0, 0x0000015f1c5eb1d0, 0x0000015f1dd0bf90,
0x0000015f1dd0c4a0, 0x0000015f1dd0a130, 0x0000015f1dd09200, 0x0000015f1dd082d0,
0x0000015f1dd06e90, 0x0000015f1dd0c9b0, 0x0000015f1dd073a0, 0x0000015f1dd0d3d0,
0x0000015f1dd06470, 0x0000015f1dd09c20, 0x0000015f1dd06980
}

Java Threads: ( => current thread )
  0x0000015f684f5530 JavaThread "main" [_thread_blocked, id=5584, stack(0x0000003fc9c00000,0x0000003fc9d00000)]
  0x0000015f025b6890 JavaThread "Reference Handler" daemon [_thread_blocked, id=31008, stack(0x0000003fca300000,0x0000003fca400000)]
  0x0000015f025b7dc0 JavaThread "Finalizer" daemon [_thread_blocked, id=30396, stack(0x0000003fca400000,0x0000003fca500000)]
  0x0000015f025d6f40 JavaThread "Signal Dispatcher" daemon [_thread_blocked, id=24496, stack(0x0000003fca500000,0x0000003fca600000)]
  0x0000015f025d8e20 JavaThread "Attach Listener" daemon [_thread_blocked, id=1064, stack(0x0000003fca600000,0x0000003fca700000)]
  0x0000015f025db700 JavaThread "Service Thread" daemon [_thread_blocked, id=8524, stack(0x0000003fca700000,0x0000003fca800000)]
  0x0000015f025dbfd0 JavaThread "Monitor Deflation Thread" daemon [_thread_blocked, id=6332, stack(0x0000003fca800000,0x0000003fca900000)]
=>0x0000015f025dcc80 JavaThread "C2 CompilerThread0" daemon [_thread_in_native, id=30048, stack(0x0000003fca900000,0x0000003fcaa00000)]
  0x0000015f026f8120 JavaThread "C1 CompilerThread0" daemon [_thread_blocked, id=25788, stack(0x0000003fcaa00000,0x0000003fcab00000)]
  0x0000015f026fe4f0 JavaThread "Sweeper thread" daemon [_thread_blocked, id=24816, stack(0x0000003fcab00000,0x0000003fcac00000)]
  0x0000015f025a0740 JavaThread "Common-Cleaner" daemon [_thread_blocked, id=30240, stack(0x0000003fcac00000,0x0000003fcad00000)]
  0x0000015f0284be90 JavaThread "Notification Thread" daemon [_thread_blocked, id=21000, stack(0x0000003fcad00000,0x0000003fcae00000)]
  0x0000015f1d0b0ea0 JavaThread "Daemon health stats" [_thread_blocked, id=33044, stack(0x0000003fc9900000,0x0000003fc9a00000)]
  0x0000015f1cb2a590 JavaThread "Incoming local TCP Connector on port 58602" [_thread_in_native, id=33224, stack(0x0000003fcb200000,0x0000003fcb300000)]
  0x0000015f1c9b76c0 JavaThread "Daemon periodic checks" [_thread_blocked, id=31344, stack(0x0000003fcb300000,0x0000003fcb400000)]
  0x0000015f1d76a6e0 JavaThread "Daemon" [_thread_blocked, id=33936, stack(0x0000003fcb500000,0x0000003fcb600000)]
  0x0000015f1d7a33f0 JavaThread "Handler for socket connection from /127.0.0.1:58602 to /127.0.0.1:58621" [_thread_in_native, id=33952, stack(0x0000003fcb700000,0x0000003fcb800000)]
  0x0000015f1c5eb6e0 JavaThread "Cancel handler" [_thread_blocked, id=33996, stack(0x0000003fcb900000,0x0000003fcba00000)]
  0x0000015f1c5ebbf0 JavaThread "Daemon worker" [_thread_in_vm, id=34760, stack(0x0000003fcba00000,0x0000003fcbb00000)]
  0x0000015f1c5ec100 JavaThread "Asynchronous log dispatcher for DefaultDaemonConnection: socket connection from /127.0.0.1:58602 to /127.0.0.1:58621" [_thread_blocked, id=34764, stack(0x0000003fcbb00000,0x0000003fcbc00000)]
  0x0000015f1c5ec610 JavaThread "Stdin handler" [_thread_blocked, id=34768, stack(0x0000003fcbc00000,0x0000003fcbd00000)]
  0x0000015f1c5eacc0 JavaThread "Daemon client event forwarder" [_thread_blocked, id=34772, stack(0x0000003fcbd00000,0x0000003fcbe00000)]
  0x0000015f1c5eb1d0 JavaThread "Cache worker for journal cache (C:\Users\chd00\.gradle\caches\journal-1)" [_thread_blocked, id=33588, stack(0x0000003fcbe00000,0x0000003fcbf00000)]
  0x0000015f1dd0bf90 JavaThread "File lock request listener" [_thread_in_native, id=33580, stack(0x0000003fcbf00000,0x0000003fcc000000)]
  0x0000015f1dd0c4a0 JavaThread "Cache worker for file hash cache (C:\Users\chd00\.gradle\caches\8.13\fileHashes)" [_thread_blocked, id=31056, stack(0x0000003fc9b00000,0x0000003fc9c00000)]
  0x0000015f1dd0a130 JavaThread "Cache worker for file hash cache (C:\Users\chd00\Downloads\demo\chat_web_socket-main\.gradle\8.13\fileHashes)" [_thread_blocked, id=35656, stack(0x0000003fc9a00000,0x0000003fc9b00000)]
  0x0000015f1dd09200 JavaThread "Cache worker for Build Output Cleanup Cache (C:\Users\chd00\Downloads\demo\chat_web_socket-main\.gradle\buildOutputCleanup)" [_thread_blocked, id=34872, stack(0x0000003fcb400000,0x0000003fcb500000)]
  0x0000015f1dd082d0 JavaThread "File watcher server" daemon [_thread_in_native, id=34956, stack(0x0000003fcc000000,0x0000003fcc100000)]
  0x0000015f1dd06e90 JavaThread "File watcher consumer" daemon [_thread_blocked, id=35664, stack(0x0000003fcc100000,0x0000003fcc200000)]
  0x0000015f1dd0c9b0 JavaThread "File lock release action executor Thread 2" [_thread_blocked, id=35024, stack(0x0000003fcc200000,0x0000003fcc300000)]
  0x0000015f1dd073a0 JavaThread "jar transforms" [_thread_blocked, id=22716, stack(0x0000003fcc300000,0x0000003fcc400000)]
  0x0000015f1dd0d3d0 JavaThread "jar transforms Thread 2" [_thread_blocked, id=15724, stack(0x0000003fcc400000,0x0000003fcc500000)]
  0x0000015f1dd06470 JavaThread "Cache worker for checksums cache (C:\Users\chd00\Downloads\demo\chat_web_socket-main\.gradle\8.13\checksums)" [_thread_blocked, id=32348, stack(0x0000003fcc500000,0x0000003fcc600000)]
  0x0000015f1dd09c20 JavaThread "Cache worker for file content cache (C:\Users\chd00\.gradle\caches\8.13\fileContent)" [_thread_blocked, id=33392, stack(0x0000003fcc600000,0x0000003fcc700000)]
  0x0000015f1dd06980 JavaThread "jar transforms Thread 3" [_thread_blocked, id=32704, stack(0x0000003fcc800000,0x0000003fcc900000)]

Other Threads:
  0x0000015f025b01d0 VMThread "VM Thread" [stack: 0x0000003fca200000,0x0000003fca300000] [id=30700]
  0x0000015f0284c370 WatcherThread [stack: 0x0000003fcae00000,0x0000003fcaf00000] [id=29172]
  0x0000015f68524550 GCTaskThread "GC Thread#0" [stack: 0x0000003fc9d00000,0x0000003fc9e00000] [id=31796]
  0x0000015f02928e60 GCTaskThread "GC Thread#1" [stack: 0x0000003fcaf00000,0x0000003fcb000000] [id=32744]
  0x0000015f02929730 GCTaskThread "GC Thread#2" [stack: 0x0000003fcb000000,0x0000003fcb100000] [id=11952]
  0x0000015f029299f0 GCTaskThread "GC Thread#3" [stack: 0x0000003fcb100000,0x0000003fcb200000] [id=26508]
  0x0000015f685293b0 ConcurrentGCThread "G1 Main Marker" [stack: 0x0000003fc9e00000,0x0000003fc9f00000] [id=12276]
  0x0000015f6852a470 ConcurrentGCThread "G1 Conc#0" [stack: 0x0000003fc9f00000,0x0000003fca000000] [id=29280]
  0x0000015f685be110 ConcurrentGCThread "G1 Refine#0" [stack: 0x0000003fca000000,0x0000003fca100000] [id=28060]
  0x0000015f1c86a940 ConcurrentGCThread "G1 Refine#1" [stack: 0x0000003fcc700000,0x0000003fcc800000] [id=30840]
  0x0000015f685bea50 ConcurrentGCThread "G1 Service" [stack: 0x0000003fca100000,0x0000003fca200000] [id=14236]

Threads with active compile tasks:
C2 CompilerThread0   424264 4548 %     4       java.util.regex.Matcher::search @ 46 (154 bytes)

VM state: not at safepoint (normal execution)

VM Mutex/Monitor currently owned by a thread: None

Heap address: 0x00000000e0000000, size: 512 MB, Compressed Oops mode: 32-bit

CDS archive(s) mapped at: [0x0000015f03000000-0x0000015f03bd0000-0x0000015f03bd0000), size 12386304, SharedBaseAddress: 0x0000015f03000000, ArchiveRelocationMode: 1.
Compressed class space mapped at: 0x0000015f04000000-0x0000015f18000000, reserved size: 335544320
Narrow klass base: 0x0000015f03000000, Narrow klass shift: 0, Narrow klass range: 0x100000000

GC Precious Log:
 CPUs: 4 total, 4 available
 Memory: 8107M
 Large Page Support: Disabled
 NUMA Support: Disabled
 Compressed Oops: Enabled (32-bit)
 Heap Region Size: 1M
 Heap Min Capacity: 256M
 Heap Initial Capacity: 256M
 Heap Max Capacity: 512M
 Pre-touch: Disabled
 Parallel Workers: 4
 Concurrent Workers: 1
 Concurrent Refinement Workers: 4
 Periodic GC: Disabled

Heap:
 garbage-first heap   total 262144K, used 42967K [0x00000000e0000000, 0x0000000100000000)
  region size 1024K, 15 young (15360K), 2 survivors (2048K)
 Metaspace       used 34226K, committed 34560K, reserved 393216K
  class space    used 4703K, committed 4864K, reserved 327680K

Heap Regions: E=young(eden), S=young(survivor), O=old, HS=humongous(starts), HC=humongous(continues), CS=collection set, F=free, OA=open archive, CA=closed archive, TAMS=top-at-mark-start (previous, next)
|   0|0x00000000e0000000, 0x00000000e0100000, 0x00000000e0100000|100%|HS|  |TAMS 0x00000000e0100000, 0x00000000e0000000| Complete 
|   1|0x00000000e0100000, 0x00000000e0200000, 0x00000000e0200000|100%|HC|  |TAMS 0x00000000e0200000, 0x00000000e0100000| Complete 
|   2|0x00000000e0200000, 0x00000000e0300000, 0x00000000e0300000|100%|HC|  |TAMS 0x00000000e0300000, 0x00000000e0200000| Complete 
|   3|0x00000000e0300000, 0x00000000e0300000, 0x00000000e0400000|  0%| F|  |TAMS 0x00000000e0300000, 0x00000000e0300000| Untracked 
|   4|0x00000000e0400000, 0x00000000e0500000, 0x00000000e0500000|100%| O|  |TAMS 0x00000000e0500000, 0x00000000e0400000| Untracked 
|   5|0x00000000e0500000, 0x00000000e0600000, 0x00000000e0600000|100%| O|  |TAMS 0x00000000e0600000, 0x00000000e0500000| Untracked 
|   6|0x00000000e0600000, 0x00000000e0700000, 0x00000000e0700000|100%| O|  |TAMS 0x00000000e06dbc00, 0x00000000e0600000| Untracked 
|   7|0x00000000e0700000, 0x00000000e0800000, 0x00000000e0800000|100%|HS|  |TAMS 0x00000000e0800000, 0x00000000e0700000| Complete 
|   8|0x00000000e0800000, 0x00000000e0900000, 0x00000000e0900000|100%| O|  |TAMS 0x00000000e0800000, 0x00000000e0800000| Untracked 
|   9|0x00000000e0900000, 0x00000000e0a00000, 0x00000000e0a00000|100%| O|  |TAMS 0x00000000e0900000, 0x00000000e0900000| Untracked 
|  10|0x00000000e0a00000, 0x00000000e0b00000, 0x00000000e0b00000|100%| O|  |TAMS 0x00000000e0a00000, 0x00000000e0a00000| Untracked 
|  11|0x00000000e0b00000, 0x00000000e0c00000, 0x00000000e0c00000|100%| O|  |TAMS 0x00000000e0b00000, 0x00000000e0b00000| Untracked 
|  12|0x00000000e0c00000, 0x00000000e0d00000, 0x00000000e0d00000|100%| O|  |TAMS 0x00000000e0c00000, 0x00000000e0c00000| Untracked 
|  13|0x00000000e0d00000, 0x00000000e0e00000, 0x00000000e0e00000|100%| O|  |TAMS 0x00000000e0d00000, 0x00000000e0d00000| Untracked 
|  14|0x00000000e0e00000, 0x00000000e0f00000, 0x00000000e0f00000|100%| O|  |TAMS 0x00000000e0e00000, 0x00000000e0e00000| Untracked 
|  15|0x00000000e0f00000, 0x00000000e1000000, 0x00000000e1000000|100%| O|  |TAMS 0x00000000e0f00000, 0x00000000e0f00000| Untracked 
|  16|0x00000000e1000000, 0x00000000e1100000, 0x00000000e1100000|100%| O|  |TAMS 0x00000000e1000000, 0x00000000e1000000| Untracked 
|  17|0x00000000e1100000, 0x00000000e1200000, 0x00000000e1200000|100%| O|  |TAMS 0x00000000e1100000, 0x00000000e1100000| Untracked 
|  18|0x00000000e1200000, 0x00000000e1300000, 0x00000000e1300000|100%| O|  |TAMS 0x00000000e1200000, 0x00000000e1200000| Untracked 
|  19|0x00000000e1300000, 0x00000000e1400000, 0x00000000e1400000|100%| O|  |TAMS 0x00000000e1300000, 0x00000000e1300000| Untracked 
|  20|0x00000000e1400000, 0x00000000e1500000, 0x00000000e1500000|100%| O|  |TAMS 0x00000000e1400000, 0x00000000e1400000| Untracked 
|  21|0x00000000e1500000, 0x00000000e1600000, 0x00000000e1600000|100%| O|  |TAMS 0x00000000e1500000, 0x00000000e1500000| Untracked 
|  22|0x00000000e1600000, 0x00000000e1700000, 0x00000000e1700000|100%| O|  |TAMS 0x00000000e1600000, 0x00000000e1600000| Untracked 
|  23|0x00000000e1700000, 0x00000000e1800000, 0x00000000e1800000|100%| O|  |TAMS 0x00000000e1700000, 0x00000000e1700000| Untracked 
|  24|0x00000000e1800000, 0x00000000e1900000, 0x00000000e1900000|100%| O|  |TAMS 0x00000000e1800000, 0x00000000e1800000| Untracked 
|  25|0x00000000e1900000, 0x00000000e1a00000, 0x00000000e1a00000|100%| O|  |TAMS 0x00000000e1900000, 0x00000000e1900000| Untracked 
|  26|0x00000000e1a00000, 0x00000000e1b00000, 0x00000000e1b00000|100%| O|  |TAMS 0x00000000e1a00000, 0x00000000e1a00000| Untracked 
|  27|0x00000000e1b00000, 0x00000000e1c00000, 0x00000000e1c00000|100%| O|  |TAMS 0x00000000e1b00000, 0x00000000e1b00000| Untracked 
|  28|0x00000000e1c00000, 0x00000000e1d00000, 0x00000000e1d00000|100%| O|  |TAMS 0x00000000e1c00000, 0x00000000e1c00000| Untracked 
|  29|0x00000000e1d00000, 0x00000000e1da4e00, 0x00000000e1e00000| 64%| O|  |TAMS 0x00000000e1d00000, 0x00000000e1d00000| Untracked 
|  30|0x00000000e1e00000, 0x00000000e1e00000, 0x00000000e1f00000|  0%| F|  |TAMS 0x00000000e1e00000, 0x00000000e1e00000| Untracked 
|  31|0x00000000e1f00000, 0x00000000e1f00000, 0x00000000e2000000|  0%| F|  |TAMS 0x00000000e1f00000, 0x00000000e1f00000| Untracked 
|  32|0x00000000e2000000, 0x00000000e2000000, 0x00000000e2100000|  0%| F|  |TAMS 0x00000000e2000000, 0x00000000e2000000| Untracked 
|  33|0x00000000e2100000, 0x00000000e2100000, 0x00000000e2200000|  0%| F|  |TAMS 0x00000000e2100000, 0x00000000e2100000| Untracked 
|  34|0x00000000e2200000, 0x00000000e2200000, 0x00000000e2300000|  0%| F|  |TAMS 0x00000000e2200000, 0x00000000e2200000| Untracked 
|  35|0x00000000e2300000, 0x00000000e2300000, 0x00000000e2400000|  0%| F|  |TAMS 0x00000000e2300000, 0x00000000e2300000| Untracked 
|  36|0x00000000e2400000, 0x00000000e2400000, 0x00000000e2500000|  0%| F|  |TAMS 0x00000000e2400000, 0x00000000e2400000| Untracked 
|  37|0x00000000e2500000, 0x00000000e2500000, 0x00000000e2600000|  0%| F|  |TAMS 0x00000000e2500000, 0x00000000e2500000| Untracked 
|  38|0x00000000e2600000, 0x00000000e2600000, 0x00000000e2700000|  0%| F|  |TAMS 0x00000000e2600000, 0x00000000e2600000| Untracked 
|  39|0x00000000e2700000, 0x00000000e2700000, 0x00000000e2800000|  0%| F|  |TAMS 0x00000000e2700000, 0x00000000e2700000| Untracked 
|  40|0x00000000e2800000, 0x00000000e2800000, 0x00000000e2900000|  0%| F|  |TAMS 0x00000000e2800000, 0x00000000e2800000| Untracked 
|  41|0x00000000e2900000, 0x00000000e2900000, 0x00000000e2a00000|  0%| F|  |TAMS 0x00000000e2900000, 0x00000000e2900000| Untracked 
|  42|0x00000000e2a00000, 0x00000000e2a00000, 0x00000000e2b00000|  0%| F|  |TAMS 0x00000000e2a00000, 0x00000000e2a00000| Untracked 
|  43|0x00000000e2b00000, 0x00000000e2b00000, 0x00000000e2c00000|  0%| F|  |TAMS 0x00000000e2b00000, 0x00000000e2b00000| Untracked 
|  44|0x00000000e2c00000, 0x00000000e2c00000, 0x00000000e2d00000|  0%| F|  |TAMS 0x00000000e2c00000, 0x00000000e2c00000| Untracked 
|  45|0x00000000e2d00000, 0x00000000e2d00000, 0x00000000e2e00000|  0%| F|  |TAMS 0x00000000e2d00000, 0x00000000e2d00000| Untracked 
|  46|0x00000000e2e00000, 0x00000000e2e00000, 0x00000000e2f00000|  0%| F|  |TAMS 0x00000000e2e00000, 0x00000000e2e00000| Untracked 
|  47|0x00000000e2f00000, 0x00000000e2f00000, 0x00000000e3000000|  0%| F|  |TAMS 0x00000000e2f00000, 0x00000000e2f00000| Untracked 
|  48|0x00000000e3000000, 0x00000000e3000000, 0x00000000e3100000|  0%| F|  |TAMS 0x00000000e3000000, 0x00000000e3000000| Untracked 
|  49|0x00000000e3100000, 0x00000000e3100000, 0x00000000e3200000|  0%| F|  |TAMS 0x00000000e3100000, 0x00000000e3100000| Untracked 
|  50|0x00000000e3200000, 0x00000000e3200000, 0x00000000e3300000|  0%| F|  |TAMS 0x00000000e3200000, 0x00000000e3200000| Untracked 
|  51|0x00000000e3300000, 0x00000000e3300000, 0x00000000e3400000|  0%| F|  |TAMS 0x00000000e3300000, 0x00000000e3300000| Untracked 
|  52|0x00000000e3400000, 0x00000000e3400000, 0x00000000e3500000|  0%| F|  |TAMS 0x00000000e3400000, 0x00000000e3400000| Untracked 
|  53|0x00000000e3500000, 0x00000000e3500000, 0x00000000e3600000|  0%| F|  |TAMS 0x00000000e3500000, 0x00000000e3500000| Untracked 
|  54|0x00000000e3600000, 0x00000000e3600000, 0x00000000e3700000|  0%| F|  |TAMS 0x00000000e3600000, 0x00000000e3600000| Untracked 
|  55|0x00000000e3700000, 0x00000000e3700000, 0x00000000e3800000|  0%| F|  |TAMS 0x00000000e3700000, 0x00000000e3700000| Untracked 
|  56|0x00000000e3800000, 0x00000000e3800000, 0x00000000e3900000|  0%| F|  |TAMS 0x00000000e3800000, 0x00000000e3800000| Untracked 
|  57|0x00000000e3900000, 0x00000000e3900000, 0x00000000e3a00000|  0%| F|  |TAMS 0x00000000e3900000, 0x00000000e3900000| Untracked 
|  58|0x00000000e3a00000, 0x00000000e3a00000, 0x00000000e3b00000|  0%| F|  |TAMS 0x00000000e3a00000, 0x00000000e3a00000| Untracked 
|  59|0x00000000e3b00000, 0x00000000e3b00000, 0x00000000e3c00000|  0%| F|  |TAMS 0x00000000e3b00000, 0x00000000e3b00000| Untracked 
|  60|0x00000000e3c00000, 0x00000000e3c00000, 0x00000000e3d00000|  0%| F|  |TAMS 0x00000000e3c00000, 0x00000000e3c00000| Untracked 
|  61|0x00000000e3d00000, 0x00000000e3d00000, 0x00000000e3e00000|  0%| F|  |TAMS 0x00000000e3d00000, 0x00000000e3d00000| Untracked 
|  62|0x00000000e3e00000, 0x00000000e3e00000, 0x00000000e3f00000|  0%| F|  |TAMS 0x00000000e3e00000, 0x00000000e3e00000| Untracked 
|  63|0x00000000e3f00000, 0x00000000e3f00000, 0x00000000e4000000|  0%| F|  |TAMS 0x00000000e3f00000, 0x00000000e3f00000| Untracked 
|  64|0x00000000e4000000, 0x00000000e4000000, 0x00000000e4100000|  0%| F|  |TAMS 0x00000000e4000000, 0x00000000e4000000| Untracked 
|  65|0x00000000e4100000, 0x00000000e4100000, 0x00000000e4200000|  0%| F|  |TAMS 0x00000000e4100000, 0x00000000e4100000| Untracked 
|  66|0x00000000e4200000, 0x00000000e4200000, 0x00000000e4300000|  0%| F|  |TAMS 0x00000000e4200000, 0x00000000e4200000| Untracked 
|  67|0x00000000e4300000, 0x00000000e4300000, 0x00000000e4400000|  0%| F|  |TAMS 0x00000000e4300000, 0x00000000e4300000| Untracked 
|  68|0x00000000e4400000, 0x00000000e4400000, 0x00000000e4500000|  0%| F|  |TAMS 0x00000000e4400000, 0x00000000e4400000| Untracked 
|  69|0x00000000e4500000, 0x00000000e4500000, 0x00000000e4600000|  0%| F|  |TAMS 0x00000000e4500000, 0x00000000e4500000| Untracked 
|  70|0x00000000e4600000, 0x00000000e4600000, 0x00000000e4700000|  0%| F|  |TAMS 0x00000000e4600000, 0x00000000e4600000| Untracked 
|  71|0x00000000e4700000, 0x00000000e4700000, 0x00000000e4800000|  0%| F|  |TAMS 0x00000000e4700000, 0x00000000e4700000| Untracked 
|  72|0x00000000e4800000, 0x00000000e4800000, 0x00000000e4900000|  0%| F|  |TAMS 0x00000000e4800000, 0x00000000e4800000| Untracked 
|  73|0x00000000e4900000, 0x00000000e4900000, 0x00000000e4a00000|  0%| F|  |TAMS 0x00000000e4900000, 0x00000000e4900000| Untracked 
|  74|0x00000000e4a00000, 0x00000000e4a00000, 0x00000000e4b00000|  0%| F|  |TAMS 0x00000000e4a00000, 0x00000000e4a00000| Untracked 
|  75|0x00000000e4b00000, 0x00000000e4b00000, 0x00000000e4c00000|  0%| F|  |TAMS 0x00000000e4b00000, 0x00000000e4b00000| Untracked 
|  76|0x00000000e4c00000, 0x00000000e4c00000, 0x00000000e4d00000|  0%| F|  |TAMS 0x00000000e4c00000, 0x00000000e4c00000| Untracked 
|  77|0x00000000e4d00000, 0x00000000e4d00000, 0x00000000e4e00000|  0%| F|  |TAMS 0x00000000e4d00000, 0x00000000e4d00000| Untracked 
|  78|0x00000000e4e00000, 0x00000000e4e00000, 0x00000000e4f00000|  0%| F|  |TAMS 0x00000000e4e00000, 0x00000000e4e00000| Untracked 
|  79|0x00000000e4f00000, 0x00000000e4f00000, 0x00000000e5000000|  0%| F|  |TAMS 0x00000000e4f00000, 0x00000000e4f00000| Untracked 
|  80|0x00000000e5000000, 0x00000000e5000000, 0x00000000e5100000|  0%| F|  |TAMS 0x00000000e5000000, 0x00000000e5000000| Untracked 
|  81|0x00000000e5100000, 0x00000000e5100000, 0x00000000e5200000|  0%| F|  |TAMS 0x00000000e5100000, 0x00000000e5100000| Untracked 
|  82|0x00000000e5200000, 0x00000000e5200000, 0x00000000e5300000|  0%| F|  |TAMS 0x00000000e5200000, 0x00000000e5200000| Untracked 
|  83|0x00000000e5300000, 0x00000000e5300000, 0x00000000e5400000|  0%| F|  |TAMS 0x00000000e5300000, 0x00000000e5300000| Untracked 
|  84|0x00000000e5400000, 0x00000000e5400000, 0x00000000e5500000|  0%| F|  |TAMS 0x00000000e5400000, 0x00000000e5400000| Untracked 
|  85|0x00000000e5500000, 0x00000000e5500000, 0x00000000e5600000|  0%| F|  |TAMS 0x00000000e5500000, 0x00000000e5500000| Untracked 
|  86|0x00000000e5600000, 0x00000000e5600000, 0x00000000e5700000|  0%| F|  |TAMS 0x00000000e5600000, 0x00000000e5600000| Untracked 
|  87|0x00000000e5700000, 0x00000000e5700000, 0x00000000e5800000|  0%| F|  |TAMS 0x00000000e5700000, 0x00000000e5700000| Untracked 
|  88|0x00000000e5800000, 0x00000000e5800000, 0x00000000e5900000|  0%| F|  |TAMS 0x00000000e5800000, 0x00000000e5800000| Untracked 
|  89|0x00000000e5900000, 0x00000000e5900000, 0x00000000e5a00000|  0%| F|  |TAMS 0x00000000e5900000, 0x00000000e5900000| Untracked 
|  90|0x00000000e5a00000, 0x00000000e5a00000, 0x00000000e5b00000|  0%| F|  |TAMS 0x00000000e5a00000, 0x00000000e5a00000| Untracked 
|  91|0x00000000e5b00000, 0x00000000e5b00000, 0x00000000e5c00000|  0%| F|  |TAMS 0x00000000e5b00000, 0x00000000e5b00000| Untracked 
|  92|0x00000000e5c00000, 0x00000000e5c00000, 0x00000000e5d00000|  0%| F|  |TAMS 0x00000000e5c00000, 0x00000000e5c00000| Untracked 
|  93|0x00000000e5d00000, 0x00000000e5d00000, 0x00000000e5e00000|  0%| F|  |TAMS 0x00000000e5d00000, 0x00000000e5d00000| Untracked 
|  94|0x00000000e5e00000, 0x00000000e5e00000, 0x00000000e5f00000|  0%| F|  |TAMS 0x00000000e5e00000, 0x00000000e5e00000| Untracked 
|  95|0x00000000e5f00000, 0x00000000e5f00000, 0x00000000e6000000|  0%| F|  |TAMS 0x00000000e5f00000, 0x00000000e5f00000| Untracked 
|  96|0x00000000e6000000, 0x00000000e6000000, 0x00000000e6100000|  0%| F|  |TAMS 0x00000000e6000000, 0x00000000e6000000| Untracked 
|  97|0x00000000e6100000, 0x00000000e6100000, 0x00000000e6200000|  0%| F|  |TAMS 0x00000000e6100000, 0x00000000e6100000| Untracked 
|  98|0x00000000e6200000, 0x00000000e6200000, 0x00000000e6300000|  0%| F|  |TAMS 0x00000000e6200000, 0x00000000e6200000| Untracked 
|  99|0x00000000e6300000, 0x00000000e6300000, 0x00000000e6400000|  0%| F|  |TAMS 0x00000000e6300000, 0x00000000e6300000| Untracked 
| 100|0x00000000e6400000, 0x00000000e6400000, 0x00000000e6500000|  0%| F|  |TAMS 0x00000000e6400000, 0x00000000e6400000| Untracked 
| 101|0x00000000e6500000, 0x00000000e6500000, 0x00000000e6600000|  0%| F|  |TAMS 0x00000000e6500000, 0x00000000e6500000| Untracked 
| 102|0x00000000e6600000, 0x00000000e6600000, 0x00000000e6700000|  0%| F|  |TAMS 0x00000000e6600000, 0x00000000e6600000| Untracked 
| 103|0x00000000e6700000, 0x00000000e6700000, 0x00000000e6800000|  0%| F|  |TAMS 0x00000000e6700000, 0x00000000e6700000| Untracked 
| 104|0x00000000e6800000, 0x00000000e6800000, 0x00000000e6900000|  0%| F|  |TAMS 0x00000000e6800000, 0x00000000e6800000| Untracked 
| 105|0x00000000e6900000, 0x00000000e6900000, 0x00000000e6a00000|  0%| F|  |TAMS 0x00000000e6900000, 0x00000000e6900000| Untracked 
| 106|0x00000000e6a00000, 0x00000000e6a00000, 0x00000000e6b00000|  0%| F|  |TAMS 0x00000000e6a00000, 0x00000000e6a00000| Untracked 
| 107|0x00000000e6b00000, 0x00000000e6b00000, 0x00000000e6c00000|  0%| F|  |TAMS 0x00000000e6b00000, 0x00000000e6b00000| Untracked 
| 108|0x00000000e6c00000, 0x00000000e6c00000, 0x00000000e6d00000|  0%| F|  |TAMS 0x00000000e6c00000, 0x00000000e6c00000| Untracked 
| 109|0x00000000e6d00000, 0x00000000e6d00000, 0x00000000e6e00000|  0%| F|  |TAMS 0x00000000e6d00000, 0x00000000e6d00000| Untracked 
| 110|0x00000000e6e00000, 0x00000000e6e00000, 0x00000000e6f00000|  0%| F|  |TAMS 0x00000000e6e00000, 0x00000000e6e00000| Untracked 
| 111|0x00000000e6f00000, 0x00000000e6f00000, 0x00000000e7000000|  0%| F|  |TAMS 0x00000000e6f00000, 0x00000000e6f00000| Untracked 
| 112|0x00000000e7000000, 0x00000000e7000000, 0x00000000e7100000|  0%| F|  |TAMS 0x00000000e7000000, 0x00000000e7000000| Untracked 
| 113|0x00000000e7100000, 0x00000000e7100000, 0x00000000e7200000|  0%| F|  |TAMS 0x00000000e7100000, 0x00000000e7100000| Untracked 
| 114|0x00000000e7200000, 0x00000000e7200000, 0x00000000e7300000|  0%| F|  |TAMS 0x00000000e7200000, 0x00000000e7200000| Untracked 
| 115|0x00000000e7300000, 0x00000000e7300000, 0x00000000e7400000|  0%| F|  |TAMS 0x00000000e7300000, 0x00000000e7300000| Untracked 
| 116|0x00000000e7400000, 0x00000000e7400000, 0x00000000e7500000|  0%| F|  |TAMS 0x00000000e7400000, 0x00000000e7400000| Untracked 
| 117|0x00000000e7500000, 0x00000000e7500000, 0x00000000e7600000|  0%| F|  |TAMS 0x00000000e7500000, 0x00000000e7500000| Untracked 
| 118|0x00000000e7600000, 0x00000000e7600000, 0x00000000e7700000|  0%| F|  |TAMS 0x00000000e7600000, 0x00000000e7600000| Untracked 
| 119|0x00000000e7700000, 0x00000000e7700000, 0x00000000e7800000|  0%| F|  |TAMS 0x00000000e7700000, 0x00000000e7700000| Untracked 
| 120|0x00000000e7800000, 0x00000000e7800000, 0x00000000e7900000|  0%| F|  |TAMS 0x00000000e7800000, 0x00000000e7800000| Untracked 
| 121|0x00000000e7900000, 0x00000000e7900000, 0x00000000e7a00000|  0%| F|  |TAMS 0x00000000e7900000, 0x00000000e7900000| Untracked 
| 122|0x00000000e7a00000, 0x00000000e7a00000, 0x00000000e7b00000|  0%| F|  |TAMS 0x00000000e7a00000, 0x00000000e7a00000| Untracked 
| 123|0x00000000e7b00000, 0x00000000e7b00000, 0x00000000e7c00000|  0%| F|  |TAMS 0x00000000e7b00000, 0x00000000e7b00000| Untracked 
| 124|0x00000000e7c00000, 0x00000000e7c00000, 0x00000000e7d00000|  0%| F|  |TAMS 0x00000000e7c00000, 0x00000000e7c00000| Untracked 
| 125|0x00000000e7d00000, 0x00000000e7d00000, 0x00000000e7e00000|  0%| F|  |TAMS 0x00000000e7d00000, 0x00000000e7d00000| Untracked 
| 126|0x00000000e7e00000, 0x00000000e7e00000, 0x00000000e7f00000|  0%| F|  |TAMS 0x00000000e7e00000, 0x00000000e7e00000| Untracked 
| 127|0x00000000e7f00000, 0x00000000e7f00000, 0x00000000e8000000|  0%| F|  |TAMS 0x00000000e7f00000, 0x00000000e7f00000| Untracked 
| 128|0x00000000e8000000, 0x00000000e8000000, 0x00000000e8100000|  0%| F|  |TAMS 0x00000000e8000000, 0x00000000e8000000| Untracked 
| 129|0x00000000e8100000, 0x00000000e8100000, 0x00000000e8200000|  0%| F|  |TAMS 0x00000000e8100000, 0x00000000e8100000| Untracked 
| 130|0x00000000e8200000, 0x00000000e8200000, 0x00000000e8300000|  0%| F|  |TAMS 0x00000000e8200000, 0x00000000e8200000| Untracked 
| 131|0x00000000e8300000, 0x00000000e8300000, 0x00000000e8400000|  0%| F|  |TAMS 0x00000000e8300000, 0x00000000e8300000| Untracked 
| 132|0x00000000e8400000, 0x00000000e8400000, 0x00000000e8500000|  0%| F|  |TAMS 0x00000000e8400000, 0x00000000e8400000| Untracked 
| 133|0x00000000e8500000, 0x00000000e8500000, 0x00000000e8600000|  0%| F|  |TAMS 0x00000000e8500000, 0x00000000e8500000| Untracked 
| 134|0x00000000e8600000, 0x00000000e8600000, 0x00000000e8700000|  0%| F|  |TAMS 0x00000000e8600000, 0x00000000e8600000| Untracked 
| 135|0x00000000e8700000, 0x00000000e8700000, 0x00000000e8800000|  0%| F|  |TAMS 0x00000000e8700000, 0x00000000e8700000| Untracked 
| 136|0x00000000e8800000, 0x00000000e8800000, 0x00000000e8900000|  0%| F|  |TAMS 0x00000000e8800000, 0x00000000e8800000| Untracked 
| 137|0x00000000e8900000, 0x00000000e8900000, 0x00000000e8a00000|  0%| F|  |TAMS 0x00000000e8900000, 0x00000000e8900000| Untracked 
| 138|0x00000000e8a00000, 0x00000000e8a00000, 0x00000000e8b00000|  0%| F|  |TAMS 0x00000000e8a00000, 0x00000000e8a00000| Untracked 
| 139|0x00000000e8b00000, 0x00000000e8b00000, 0x00000000e8c00000|  0%| F|  |TAMS 0x00000000e8b00000, 0x00000000e8b00000| Untracked 
| 140|0x00000000e8c00000, 0x00000000e8c00000, 0x00000000e8d00000|  0%| F|  |TAMS 0x00000000e8c00000, 0x00000000e8c00000| Untracked 
| 141|0x00000000e8d00000, 0x00000000e8d00000, 0x00000000e8e00000|  0%| F|  |TAMS 0x00000000e8d00000, 0x00000000e8d00000| Untracked 
| 142|0x00000000e8e00000, 0x00000000e8e00000, 0x00000000e8f00000|  0%| F|  |TAMS 0x00000000e8e00000, 0x00000000e8e00000| Untracked 
| 143|0x00000000e8f00000, 0x00000000e8f00000, 0x00000000e9000000|  0%| F|  |TAMS 0x00000000e8f00000, 0x00000000e8f00000| Untracked 
| 144|0x00000000e9000000, 0x00000000e9000000, 0x00000000e9100000|  0%| F|  |TAMS 0x00000000e9000000, 0x00000000e9000000| Untracked 
| 145|0x00000000e9100000, 0x00000000e9100000, 0x00000000e9200000|  0%| F|  |TAMS 0x00000000e9100000, 0x00000000e9100000| Untracked 
| 146|0x00000000e9200000, 0x00000000e9200000, 0x00000000e9300000|  0%| F|  |TAMS 0x00000000e9200000, 0x00000000e9200000| Untracked 
| 147|0x00000000e9300000, 0x00000000e9300000, 0x00000000e9400000|  0%| F|  |TAMS 0x00000000e9300000, 0x00000000e9300000| Untracked 
| 148|0x00000000e9400000, 0x00000000e9400000, 0x00000000e9500000|  0%| F|  |TAMS 0x00000000e9400000, 0x00000000e9400000| Untracked 
| 149|0x00000000e9500000, 0x00000000e9500000, 0x00000000e9600000|  0%| F|  |TAMS 0x00000000e9500000, 0x00000000e9500000| Untracked 
| 150|0x00000000e9600000, 0x00000000e9600000, 0x00000000e9700000|  0%| F|  |TAMS 0x00000000e9600000, 0x00000000e9600000| Untracked 
| 151|0x00000000e9700000, 0x00000000e9700000, 0x00000000e9800000|  0%| F|  |TAMS 0x00000000e9700000, 0x00000000e9700000| Untracked 
| 152|0x00000000e9800000, 0x00000000e9800000, 0x00000000e9900000|  0%| F|  |TAMS 0x00000000e9800000, 0x00000000e9800000| Untracked 
| 153|0x00000000e9900000, 0x00000000e9900000, 0x00000000e9a00000|  0%| F|  |TAMS 0x00000000e9900000, 0x00000000e9900000| Untracked 
| 154|0x00000000e9a00000, 0x00000000e9a00000, 0x00000000e9b00000|  0%| F|  |TAMS 0x00000000e9a00000, 0x00000000e9a00000| Untracked 
| 155|0x00000000e9b00000, 0x00000000e9b00000, 0x00000000e9c00000|  0%| F|  |TAMS 0x00000000e9b00000, 0x00000000e9b00000| Untracked 
| 156|0x00000000e9c00000, 0x00000000e9c00000, 0x00000000e9d00000|  0%| F|  |TAMS 0x00000000e9c00000, 0x00000000e9c00000| Untracked 
| 157|0x00000000e9d00000, 0x00000000e9d00000, 0x00000000e9e00000|  0%| F|  |TAMS 0x00000000e9d00000, 0x00000000e9d00000| Untracked 
| 158|0x00000000e9e00000, 0x00000000e9e00000, 0x00000000e9f00000|  0%| F|  |TAMS 0x00000000e9e00000, 0x00000000e9e00000| Untracked 
| 159|0x00000000e9f00000, 0x00000000e9f00000, 0x00000000ea000000|  0%| F|  |TAMS 0x00000000e9f00000, 0x00000000e9f00000| Untracked 
| 160|0x00000000ea000000, 0x00000000ea000000, 0x00000000ea100000|  0%| F|  |TAMS 0x00000000ea000000, 0x00000000ea000000| Untracked 
| 161|0x00000000ea100000, 0x00000000ea100000, 0x00000000ea200000|  0%| F|  |TAMS 0x00000000ea100000, 0x00000000ea100000| Untracked 
| 162|0x00000000ea200000, 0x00000000ea200000, 0x00000000ea300000|  0%| F|  |TAMS 0x00000000ea200000, 0x00000000ea200000| Untracked 
| 163|0x00000000ea300000, 0x00000000ea300000, 0x00000000ea400000|  0%| F|  |TAMS 0x00000000ea300000, 0x00000000ea300000| Untracked 
| 164|0x00000000ea400000, 0x00000000ea400000, 0x00000000ea500000|  0%| F|  |TAMS 0x00000000ea400000, 0x00000000ea400000| Untracked 
| 165|0x00000000ea500000, 0x00000000ea500000, 0x00000000ea600000|  0%| F|  |TAMS 0x00000000ea500000, 0x00000000ea500000| Untracked 
| 166|0x00000000ea600000, 0x00000000ea600000, 0x00000000ea700000|  0%| F|  |TAMS 0x00000000ea600000, 0x00000000ea600000| Untracked 
| 167|0x00000000ea700000, 0x00000000ea700000, 0x00000000ea800000|  0%| F|  |TAMS 0x00000000ea700000, 0x00000000ea700000| Untracked 
| 168|0x00000000ea800000, 0x00000000ea800000, 0x00000000ea900000|  0%| F|  |TAMS 0x00000000ea800000, 0x00000000ea800000| Untracked 
| 169|0x00000000ea900000, 0x00000000ea900000, 0x00000000eaa00000|  0%| F|  |TAMS 0x00000000ea900000, 0x00000000ea900000| Untracked 
| 170|0x00000000eaa00000, 0x00000000eaa00000, 0x00000000eab00000|  0%| F|  |TAMS 0x00000000eaa00000, 0x00000000eaa00000| Untracked 
| 171|0x00000000eab00000, 0x00000000eab00000, 0x00000000eac00000|  0%| F|  |TAMS 0x00000000eab00000, 0x00000000eab00000| Untracked 
| 172|0x00000000eac00000, 0x00000000eac00000, 0x00000000ead00000|  0%| F|  |TAMS 0x00000000eac00000, 0x00000000eac00000| Untracked 
| 173|0x00000000ead00000, 0x00000000ead00000, 0x00000000eae00000|  0%| F|  |TAMS 0x00000000ead00000, 0x00000000ead00000| Untracked 
| 174|0x00000000eae00000, 0x00000000eae00000, 0x00000000eaf00000|  0%| F|  |TAMS 0x00000000eae00000, 0x00000000eae00000| Untracked 
| 175|0x00000000eaf00000, 0x00000000eaf00000, 0x00000000eb000000|  0%| F|  |TAMS 0x00000000eaf00000, 0x00000000eaf00000| Untracked 
| 176|0x00000000eb000000, 0x00000000eb000000, 0x00000000eb100000|  0%| F|  |TAMS 0x00000000eb000000, 0x00000000eb000000| Untracked 
| 177|0x00000000eb100000, 0x00000000eb100000, 0x00000000eb200000|  0%| F|  |TAMS 0x00000000eb100000, 0x00000000eb100000| Untracked 
| 178|0x00000000eb200000, 0x00000000eb200000, 0x00000000eb300000|  0%| F|  |TAMS 0x00000000eb200000, 0x00000000eb200000| Untracked 
| 179|0x00000000eb300000, 0x00000000eb300000, 0x00000000eb400000|  0%| F|  |TAMS 0x00000000eb300000, 0x00000000eb300000| Untracked 
| 180|0x00000000eb400000, 0x00000000eb400000, 0x00000000eb500000|  0%| F|  |TAMS 0x00000000eb400000, 0x00000000eb400000| Untracked 
| 181|0x00000000eb500000, 0x00000000eb500000, 0x00000000eb600000|  0%| F|  |TAMS 0x00000000eb500000, 0x00000000eb500000| Untracked 
| 182|0x00000000eb600000, 0x00000000eb600000, 0x00000000eb700000|  0%| F|  |TAMS 0x00000000eb600000, 0x00000000eb600000| Untracked 
| 183|0x00000000eb700000, 0x00000000eb700000, 0x00000000eb800000|  0%| F|  |TAMS 0x00000000eb700000, 0x00000000eb700000| Untracked 
| 184|0x00000000eb800000, 0x00000000eb800000, 0x00000000eb900000|  0%| F|  |TAMS 0x00000000eb800000, 0x00000000eb800000| Untracked 
| 185|0x00000000eb900000, 0x00000000eb900000, 0x00000000eba00000|  0%| F|  |TAMS 0x00000000eb900000, 0x00000000eb900000| Untracked 
| 186|0x00000000eba00000, 0x00000000eba00000, 0x00000000ebb00000|  0%| F|  |TAMS 0x00000000eba00000, 0x00000000eba00000| Untracked 
| 187|0x00000000ebb00000, 0x00000000ebb00000, 0x00000000ebc00000|  0%| F|  |TAMS 0x00000000ebb00000, 0x00000000ebb00000| Untracked 
| 188|0x00000000ebc00000, 0x00000000ebc00000, 0x00000000ebd00000|  0%| F|  |TAMS 0x00000000ebc00000, 0x00000000ebc00000| Untracked 
| 189|0x00000000ebd00000, 0x00000000ebd00000, 0x00000000ebe00000|  0%| F|  |TAMS 0x00000000ebd00000, 0x00000000ebd00000| Untracked 
| 190|0x00000000ebe00000, 0x00000000ebe00000, 0x00000000ebf00000|  0%| F|  |TAMS 0x00000000ebe00000, 0x00000000ebe00000| Untracked 
| 191|0x00000000ebf00000, 0x00000000ebf00000, 0x00000000ec000000|  0%| F|  |TAMS 0x00000000ebf00000, 0x00000000ebf00000| Untracked 
| 192|0x00000000ec000000, 0x00000000ec000000, 0x00000000ec100000|  0%| F|  |TAMS 0x00000000ec000000, 0x00000000ec000000| Untracked 
| 193|0x00000000ec100000, 0x00000000ec100000, 0x00000000ec200000|  0%| F|  |TAMS 0x00000000ec100000, 0x00000000ec100000| Untracked 
| 194|0x00000000ec200000, 0x00000000ec200000, 0x00000000ec300000|  0%| F|  |TAMS 0x00000000ec200000, 0x00000000ec200000| Untracked 
| 195|0x00000000ec300000, 0x00000000ec300000, 0x00000000ec400000|  0%| F|  |TAMS 0x00000000ec300000, 0x00000000ec300000| Untracked 
| 196|0x00000000ec400000, 0x00000000ec400000, 0x00000000ec500000|  0%| F|  |TAMS 0x00000000ec400000, 0x00000000ec400000| Untracked 
| 197|0x00000000ec500000, 0x00000000ec500000, 0x00000000ec600000|  0%| F|  |TAMS 0x00000000ec500000, 0x00000000ec500000| Untracked 
| 198|0x00000000ec600000, 0x00000000ec600000, 0x00000000ec700000|  0%| F|  |TAMS 0x00000000ec600000, 0x00000000ec600000| Untracked 
| 199|0x00000000ec700000, 0x00000000ec700000, 0x00000000ec800000|  0%| F|  |TAMS 0x00000000ec700000, 0x00000000ec700000| Untracked 
| 200|0x00000000ec800000, 0x00000000ec800000, 0x00000000ec900000|  0%| F|  |TAMS 0x00000000ec800000, 0x00000000ec800000| Untracked 
| 201|0x00000000ec900000, 0x00000000ec900000, 0x00000000eca00000|  0%| F|  |TAMS 0x00000000ec900000, 0x00000000ec900000| Untracked 
| 202|0x00000000eca00000, 0x00000000eca00000, 0x00000000ecb00000|  0%| F|  |TAMS 0x00000000eca00000, 0x00000000eca00000| Untracked 
| 203|0x00000000ecb00000, 0x00000000ecb00000, 0x00000000ecc00000|  0%| F|  |TAMS 0x00000000ecb00000, 0x00000000ecb00000| Untracked 
| 204|0x00000000ecc00000, 0x00000000ecc00000, 0x00000000ecd00000|  0%| F|  |TAMS 0x00000000ecc00000, 0x00000000ecc00000| Untracked 
| 205|0x00000000ecd00000, 0x00000000ecd00000, 0x00000000ece00000|  0%| F|  |TAMS 0x00000000ecd00000, 0x00000000ecd00000| Untracked 
| 206|0x00000000ece00000, 0x00000000ece00000, 0x00000000ecf00000|  0%| F|  |TAMS 0x00000000ece00000, 0x00000000ece00000| Untracked 
| 207|0x00000000ecf00000, 0x00000000ecf00000, 0x00000000ed000000|  0%| F|  |TAMS 0x00000000ecf00000, 0x00000000ecf00000| Untracked 
| 208|0x00000000ed000000, 0x00000000ed000000, 0x00000000ed100000|  0%| F|  |TAMS 0x00000000ed000000, 0x00000000ed000000| Untracked 
| 209|0x00000000ed100000, 0x00000000ed100000, 0x00000000ed200000|  0%| F|  |TAMS 0x00000000ed100000, 0x00000000ed100000| Untracked 
| 210|0x00000000ed200000, 0x00000000ed200000, 0x00000000ed300000|  0%| F|  |TAMS 0x00000000ed200000, 0x00000000ed200000| Untracked 
| 211|0x00000000ed300000, 0x00000000ed300000, 0x00000000ed400000|  0%| F|  |TAMS 0x00000000ed300000, 0x00000000ed300000| Untracked 
| 212|0x00000000ed400000, 0x00000000ed400000, 0x00000000ed500000|  0%| F|  |TAMS 0x00000000ed400000, 0x00000000ed400000| Untracked 
| 213|0x00000000ed500000, 0x00000000ed500000, 0x00000000ed600000|  0%| F|  |TAMS 0x00000000ed500000, 0x00000000ed500000| Untracked 
| 214|0x00000000ed600000, 0x00000000ed600000, 0x00000000ed700000|  0%| F|  |TAMS 0x00000000ed600000, 0x00000000ed600000| Untracked 
| 215|0x00000000ed700000, 0x00000000ed700000, 0x00000000ed800000|  0%| F|  |TAMS 0x00000000ed700000, 0x00000000ed700000| Untracked 
| 216|0x00000000ed800000, 0x00000000ed800000, 0x00000000ed900000|  0%| F|  |TAMS 0x00000000ed800000, 0x00000000ed800000| Untracked 
| 217|0x00000000ed900000, 0x00000000ed900000, 0x00000000eda00000|  0%| F|  |TAMS 0x00000000ed900000, 0x00000000ed900000| Untracked 
| 218|0x00000000eda00000, 0x00000000eda00000, 0x00000000edb00000|  0%| F|  |TAMS 0x00000000eda00000, 0x00000000eda00000| Untracked 
| 219|0x00000000edb00000, 0x00000000edb00000, 0x00000000edc00000|  0%| F|  |TAMS 0x00000000edb00000, 0x00000000edb00000| Untracked 
| 220|0x00000000edc00000, 0x00000000edc00000, 0x00000000edd00000|  0%| F|  |TAMS 0x00000000edc00000, 0x00000000edc00000| Untracked 
| 221|0x00000000edd00000, 0x00000000edd00000, 0x00000000ede00000|  0%| F|  |TAMS 0x00000000edd00000, 0x00000000edd00000| Untracked 
| 222|0x00000000ede00000, 0x00000000ede00000, 0x00000000edf00000|  0%| F|  |TAMS 0x00000000ede00000, 0x00000000ede00000| Untracked 
| 223|0x00000000edf00000, 0x00000000edf00000, 0x00000000ee000000|  0%| F|  |TAMS 0x00000000edf00000, 0x00000000edf00000| Untracked 
| 224|0x00000000ee000000, 0x00000000ee000000, 0x00000000ee100000|  0%| F|  |TAMS 0x00000000ee000000, 0x00000000ee000000| Untracked 
| 225|0x00000000ee100000, 0x00000000ee100000, 0x00000000ee200000|  0%| F|  |TAMS 0x00000000ee100000, 0x00000000ee100000| Untracked 
| 226|0x00000000ee200000, 0x00000000ee200000, 0x00000000ee300000|  0%| F|  |TAMS 0x00000000ee200000, 0x00000000ee200000| Untracked 
| 227|0x00000000ee300000, 0x00000000ee300000, 0x00000000ee400000|  0%| F|  |TAMS 0x00000000ee300000, 0x00000000ee300000| Untracked 
| 228|0x00000000ee400000, 0x00000000ee400000, 0x00000000ee500000|  0%| F|  |TAMS 0x00000000ee400000, 0x00000000ee400000| Untracked 
| 229|0x00000000ee500000, 0x00000000ee500000, 0x00000000ee600000|  0%| F|  |TAMS 0x00000000ee500000, 0x00000000ee500000| Untracked 
| 230|0x00000000ee600000, 0x00000000ee600000, 0x00000000ee700000|  0%| F|  |TAMS 0x00000000ee600000, 0x00000000ee600000| Untracked 
| 231|0x00000000ee700000, 0x00000000ee700000, 0x00000000ee800000|  0%| F|  |TAMS 0x00000000ee700000, 0x00000000ee700000| Untracked 
| 232|0x00000000ee800000, 0x00000000ee800000, 0x00000000ee900000|  0%| F|  |TAMS 0x00000000ee800000, 0x00000000ee800000| Untracked 
| 233|0x00000000ee900000, 0x00000000ee900000, 0x00000000eea00000|  0%| F|  |TAMS 0x00000000ee900000, 0x00000000ee900000| Untracked 
| 234|0x00000000eea00000, 0x00000000eea00000, 0x00000000eeb00000|  0%| F|  |TAMS 0x00000000eea00000, 0x00000000eea00000| Untracked 
| 235|0x00000000eeb00000, 0x00000000eeb00000, 0x00000000eec00000|  0%| F|  |TAMS 0x00000000eeb00000, 0x00000000eeb00000| Untracked 
| 236|0x00000000eec00000, 0x00000000eec00000, 0x00000000eed00000|  0%| F|  |TAMS 0x00000000eec00000, 0x00000000eec00000| Untracked 
| 237|0x00000000eed00000, 0x00000000eed00000, 0x00000000eee00000|  0%| F|  |TAMS 0x00000000eed00000, 0x00000000eed00000| Untracked 
| 238|0x00000000eee00000, 0x00000000eee00000, 0x00000000eef00000|  0%| F|  |TAMS 0x00000000eee00000, 0x00000000eee00000| Untracked 
| 239|0x00000000eef00000, 0x00000000eef00000, 0x00000000ef000000|  0%| F|  |TAMS 0x00000000eef00000, 0x00000000eef00000| Untracked 
| 240|0x00000000ef000000, 0x00000000ef000000, 0x00000000ef100000|  0%| F|  |TAMS 0x00000000ef000000, 0x00000000ef000000| Untracked 
| 241|0x00000000ef100000, 0x00000000ef100800, 0x00000000ef200000|  0%| E|  |TAMS 0x00000000ef100000, 0x00000000ef100000| Complete 
| 242|0x00000000ef200000, 0x00000000ef300000, 0x00000000ef300000|100%| E|CS|TAMS 0x00000000ef200000, 0x00000000ef200000| Complete 
| 243|0x00000000ef300000, 0x00000000ef400000, 0x00000000ef400000|100%| E|CS|TAMS 0x00000000ef300000, 0x00000000ef300000| Complete 
| 244|0x00000000ef400000, 0x00000000ef500000, 0x00000000ef500000|100%| E|CS|TAMS 0x00000000ef400000, 0x00000000ef400000| Complete 
| 245|0x00000000ef500000, 0x00000000ef600000, 0x00000000ef600000|100%| E|CS|TAMS 0x00000000ef500000, 0x00000000ef500000| Complete 
| 246|0x00000000ef600000, 0x00000000ef700000, 0x00000000ef700000|100%| E|CS|TAMS 0x00000000ef600000, 0x00000000ef600000| Complete 
| 247|0x00000000ef700000, 0x00000000ef800000, 0x00000000ef800000|100%| E|CS|TAMS 0x00000000ef700000, 0x00000000ef700000| Complete 
| 248|0x00000000ef800000, 0x00000000ef900000, 0x00000000ef900000|100%| E|CS|TAMS 0x00000000ef800000, 0x00000000ef800000| Complete 
| 249|0x00000000ef900000, 0x00000000efa00000, 0x00000000efa00000|100%| E|CS|TAMS 0x00000000ef900000, 0x00000000ef900000| Complete 
| 250|0x00000000efa00000, 0x00000000efb00000, 0x00000000efb00000|100%| E|CS|TAMS 0x00000000efa00000, 0x00000000efa00000| Complete 
| 251|0x00000000efb00000, 0x00000000efb511c8, 0x00000000efc00000| 31%| S|CS|TAMS 0x00000000efb00000, 0x00000000efb00000| Complete 
| 252|0x00000000efc00000, 0x00000000efd00000, 0x00000000efd00000|100%| S|CS|TAMS 0x00000000efc00000, 0x00000000efc00000| Complete 
| 253|0x00000000efd00000, 0x00000000efe00000, 0x00000000efe00000|100%| E|CS|TAMS 0x00000000efd00000, 0x00000000efd00000| Complete 
| 254|0x00000000efe00000, 0x00000000eff00000, 0x00000000eff00000|100%| E|CS|TAMS 0x00000000efe00000, 0x00000000efe00000| Complete 
| 255|0x00000000eff00000, 0x00000000f0000000, 0x00000000f0000000|100%| E|CS|TAMS 0x00000000eff00000, 0x00000000eff00000| Complete 

Card table byte_map: [0x0000015f7edb0000,0x0000015f7eeb0000] _byte_map_base: 0x0000015f7e6b0000

Marking Bits (Prev, Next): (CMBitMap*) 0x0000015f68524ac0, (CMBitMap*) 0x0000015f68524a80
 Prev Bits: [0x0000015f7f7b0000, 0x0000015f7ffb0000)
 Next Bits: [0x0000015f7efb0000, 0x0000015f7f7b0000)

Polling page: 0x0000015f67cc0000

Metaspace:

Usage:
  Non-class:     28.83 MB used.
      Class:      4.59 MB used.
       Both:     33.42 MB used.

Virtual space:
  Non-class space:       64.00 MB reserved,      29.00 MB ( 45%) committed,  1 nodes.
      Class space:      320.00 MB reserved,       4.75 MB (  1%) committed,  1 nodes.
             Both:      384.00 MB reserved,      33.75 MB (  9%) committed. 

Chunk freelists:
   Non-Class:  2.06 MB
       Class:  11.25 MB
        Both:  13.32 MB

MaxMetaspaceSize: 384.00 MB
CompressedClassSpaceSize: 320.00 MB
Initial GC threshold: 21.00 MB
Current GC threshold: 35.12 MB
CDS: on
MetaspaceReclaimPolicy: balanced
 - commit_granule_bytes: 65536.
 - commit_granule_words: 8192.
 - virtual_space_node_default_size: 8388608.
 - enlarge_chunks_in_place: 1.
 - new_chunks_are_fully_committed: 0.
 - uncommit_free_chunks: 1.
 - use_allocation_guard: 0.
 - handle_deallocations: 1.


Internal statistics:

num_allocs_failed_limit: 3.
num_arena_births: 404.
num_arena_deaths: 0.
num_vsnodes_births: 2.
num_vsnodes_deaths: 0.
num_space_committed: 540.
num_space_uncommitted: 0.
num_chunks_returned_to_freelist: 3.
num_chunks_taken_from_freelist: 1690.
num_chunk_merges: 3.
num_chunk_splits: 1103.
num_chunks_enlarged: 769.
num_inconsistent_stats: 0.

CodeHeap 'non-profiled nmethods': size=120000Kb used=2947Kb max_used=2947Kb free=117052Kb
 bounds [0x0000015f77880000, 0x0000015f77b70000, 0x0000015f7edb0000]
CodeHeap 'profiled nmethods': size=120000Kb used=9206Kb max_used=9206Kb free=110793Kb
 bounds [0x0000015f6fdb0000, 0x0000015f706b0000, 0x0000015f772e0000]
CodeHeap 'non-nmethods': size=5760Kb used=2294Kb max_used=2359Kb free=3466Kb
 bounds [0x0000015f772e0000, 0x0000015f77550000, 0x0000015f77880000]
 total_blobs=5333 nmethods=4531 adapters=714
 compilation: enabled
              stopped_count=0, restarted_count=0
 full_count=0

Compilation events (20 events):
Event: 424.145 Thread 0x0000015f026f8120 nmethod 4541 0x0000015f706a7a10 code [0x0000015f706a7d40, 0x0000015f706a9548]
Event: 424.147 Thread 0x0000015f026f8120 4542       3       java.lang.Class::getGenericInterfaces (21 bytes)
Event: 424.148 Thread 0x0000015f026f8120 nmethod 4542 0x0000015f706a9b10 code [0x0000015f706a9d00, 0x0000015f706aa258]
Event: 424.148 Thread 0x0000015f026f8120 4543       3       java.lang.Class::getGenericSuperclass (28 bytes)
Event: 424.149 Thread 0x0000015f026f8120 nmethod 4543 0x0000015f706aa410 code [0x0000015f706aa660, 0x0000015f706ab058]
Event: 424.149 Thread 0x0000015f025dcc80 4544       4       org.gradle.internal.instantiation.generator.AbstractClassGenerator$ClassValidator::validateMethod (1 bytes)
Event: 424.150 Thread 0x0000015f025dcc80 nmethod 4544 0x0000015f77b60090 code [0x0000015f77b60200, 0x0000015f77b60278]
Event: 424.152 Thread 0x0000015f026f8120 4545       1       com.google.common.collect.LinkedHashMultimap$ValueEntry::setSuccessorInMultimap (6 bytes)
Event: 424.152 Thread 0x0000015f026f8120 nmethod 4545 0x0000015f77b60390 code [0x0000015f77b60520, 0x0000015f77b60638]
Event: 424.152 Thread 0x0000015f026f8120 4546       1       com.google.common.collect.LinkedHashMultimap$ValueEntry::setPredecessorInMultimap (6 bytes)
Event: 424.152 Thread 0x0000015f026f8120 nmethod 4546 0x0000015f77b60690 code [0x0000015f77b60820, 0x0000015f77b60938]
Event: 424.153 Thread 0x0000015f026f8120 4547       3       org.gradle.internal.instantiation.generator.AbstractClassGenerator$$Lambda$135/0x0000015f041bd798::test (12 bytes)
Event: 424.154 Thread 0x0000015f025dcc80 4548 %     4       java.util.regex.Matcher::search @ 46 (154 bytes)
Event: 424.156 Thread 0x0000015f026f8120 nmethod 4547 0x0000015f706ab390 code [0x0000015f706ab680, 0x0000015f706aca28]
Event: 424.156 Thread 0x0000015f026f8120 4549       3       org.objectweb.asm.MethodWriter::visitEnd (1 bytes)
Event: 424.157 Thread 0x0000015f026f8120 nmethod 4549 0x0000015f706ad090 code [0x0000015f706ad220, 0x0000015f706ad338]
Event: 424.157 Thread 0x0000015f026f8120 4550       3       org.gradle.model.internal.asm.MethodVisitorScope::_GETFIELD (11 bytes)
Event: 424.157 Thread 0x0000015f026f8120 nmethod 4550 0x0000015f706ad410 code [0x0000015f706ad5c0, 0x0000015f706ad858]
Event: 424.157 Thread 0x0000015f026f8120 4551       1       org.gradle.internal.instantiation.generator.AbstractClassGenerator$PropertyMetadata::getOverridableSetters (5 bytes)
Event: 424.157 Thread 0x0000015f026f8120 nmethod 4551 0x0000015f77b60990 code [0x0000015f77b60b20, 0x0000015f77b60bf8]

GC Heap History (12 events):
Event: 38.200 GC heap before
{Heap before GC invocations=0 (full 0):
 garbage-first heap   total 262144K, used 13312K [0x00000000e0000000, 0x0000000100000000)
  region size 1024K, 13 young (13312K), 0 survivors (0K)
 Metaspace       used 802K, committed 896K, reserved 393216K
  class space    used 66K, committed 128K, reserved 327680K
}
Event: 38.612 GC heap after
{Heap after GC invocations=1 (full 0):
 garbage-first heap   total 262144K, used 1352K [0x00000000e0000000, 0x0000000100000000)
  region size 1024K, 2 young (2048K), 2 survivors (2048K)
 Metaspace       used 802K, committed 896K, reserved 393216K
  class space    used 66K, committed 128K, reserved 327680K
}
Event: 73.888 GC heap before
{Heap before GC invocations=1 (full 0):
 garbage-first heap   total 262144K, used 22856K [0x00000000e0000000, 0x0000000100000000)
  region size 1024K, 20 young (20480K), 2 survivors (2048K)
 Metaspace       used 1929K, committed 2112K, reserved 393216K
  class space    used 185K, committed 256K, reserved 327680K
}
Event: 73.892 GC heap after
{Heap after GC invocations=2 (full 0):
 garbage-first heap   total 262144K, used 10095K [0x00000000e0000000, 0x0000000100000000)
  region size 1024K, 3 young (3072K), 3 survivors (3072K)
 Metaspace       used 1929K, committed 2112K, reserved 393216K
  class space    used 185K, committed 256K, reserved 327680K
}
Event: 260.329 GC heap before
{Heap before GC invocations=2 (full 0):
 garbage-first heap   total 262144K, used 165743K [0x00000000e0000000, 0x0000000100000000)
  region size 1024K, 153 young (156672K), 3 survivors (3072K)
 Metaspace       used 18306K, committed 18560K, reserved 393216K
  class space    used 2624K, committed 2752K, reserved 327680K
}
Event: 260.513 GC heap after
{Heap after GC invocations=3 (full 0):
 garbage-first heap   total 262144K, used 22018K [0x00000000e0000000, 0x0000000100000000)
  region size 1024K, 14 young (14336K), 14 survivors (14336K)
 Metaspace       used 18306K, committed 18560K, reserved 393216K
  class space    used 2624K, committed 2752K, reserved 327680K
}
Event: 295.595 GC heap before
{Heap before GC invocations=3 (full 0):
 garbage-first heap   total 262144K, used 49666K [0x00000000e0000000, 0x0000000100000000)
  region size 1024K, 42 young (43008K), 14 survivors (14336K)
 Metaspace       used 21132K, committed 21504K, reserved 393216K
  class space    used 3059K, committed 3264K, reserved 327680K
}
Event: 295.639 GC heap after
{Heap after GC invocations=4 (full 0):
 garbage-first heap   total 262144K, used 24254K [0x00000000e0000000, 0x0000000100000000)
  region size 1024K, 3 young (3072K), 3 survivors (3072K)
 Metaspace       used 21132K, committed 21504K, reserved 393216K
  class space    used 3059K, committed 3264K, reserved 327680K
}
Event: 378.781 GC heap before
{Heap before GC invocations=5 (full 0):
 garbage-first heap   total 262144K, used 121534K [0x00000000e0000000, 0x0000000100000000)
  region size 1024K, 94 young (96256K), 3 survivors (3072K)
 Metaspace       used 32963K, committed 33408K, reserved 393216K
  class space    used 4523K, committed 4736K, reserved 327680K
}
Event: 378.890 GC heap after
{Heap after GC invocations=6 (full 0):
 garbage-first heap   total 262144K, used 30475K [0x00000000e0000000, 0x0000000100000000)
  region size 1024K, 9 young (9216K), 9 survivors (9216K)
 Metaspace       used 32963K, committed 33408K, reserved 393216K
  class space    used 4523K, committed 4736K, reserved 327680K
}
Event: 395.308 GC heap before
{Heap before GC invocations=6 (full 0):
 garbage-first heap   total 262144K, used 33547K [0x00000000e0000000, 0x0000000100000000)
  region size 1024K, 12 young (12288K), 9 survivors (9216K)
 Metaspace       used 33131K, committed 33536K, reserved 393216K
  class space    used 4540K, committed 4736K, reserved 327680K
}
Event: 395.359 GC heap after
{Heap after GC invocations=7 (full 0):
 garbage-first heap   total 262144K, used 30679K [0x00000000e0000000, 0x0000000100000000)
  region size 1024K, 2 young (2048K), 2 survivors (2048K)
 Metaspace       used 33131K, committed 33536K, reserved 393216K
  class space    used 4540K, committed 4736K, reserved 327680K
}

Deoptimization events (20 events):
Event: 379.296 Thread 0x0000015f1c5ebbf0 Uncommon trap: trap_request=0xffffffde fr.pc=0x0000015f77af3f40 relative=0x00000000000003e0
Event: 379.296 Thread 0x0000015f1c5ebbf0 Uncommon trap: reason=class_check action=maybe_recompile pc=0x0000015f77af3f40 method=java.util.regex.Pattern$Start.match(Ljava/util/regex/Matcher;ILjava/lang/CharSequence;)Z @ 44 c2
Event: 379.296 Thread 0x0000015f1c5ebbf0 DEOPT PACKING pc=0x0000015f77af3f40 sp=0x0000003fcbaf9230
Event: 379.296 Thread 0x0000015f1c5ebbf0 DEOPT UNPACKING pc=0x0000015f773323a3 sp=0x0000003fcbaf9170 mode 2
Event: 379.296 Thread 0x0000015f1c5ebbf0 Uncommon trap: trap_request=0xffffffde fr.pc=0x0000015f77af1768 relative=0x0000000000000328
Event: 379.296 Thread 0x0000015f1c5ebbf0 Uncommon trap: reason=class_check action=maybe_recompile pc=0x0000015f77af1768 method=java.util.regex.Pattern$Start.match(Ljava/util/regex/Matcher;ILjava/lang/CharSequence;)Z @ 44 c2
Event: 379.296 Thread 0x0000015f1c5ebbf0 DEOPT PACKING pc=0x0000015f77af1768 sp=0x0000003fcbaf91b0
Event: 379.296 Thread 0x0000015f1c5ebbf0 DEOPT UNPACKING pc=0x0000015f773323a3 sp=0x0000003fcbaf9170 mode 2
Event: 384.100 Thread 0x0000015f1d0b0ea0 Uncommon trap: trap_request=0xffffff45 fr.pc=0x0000015f77a63e48 relative=0x0000000000000148
Event: 384.100 Thread 0x0000015f1d0b0ea0 Uncommon trap: reason=unstable_if action=reinterpret pc=0x0000015f77a63e48 method=java.util.concurrent.locks.ReentrantLock$NonfairSync.tryAcquire(I)Z @ 4 c2
Event: 384.100 Thread 0x0000015f1d0b0ea0 DEOPT PACKING pc=0x0000015f77a63e48 sp=0x0000003fc99fede0
Event: 384.100 Thread 0x0000015f1d0b0ea0 DEOPT UNPACKING pc=0x0000015f773323a3 sp=0x0000003fc99feda0 mode 2
Event: 384.138 Thread 0x0000015f1d0b0ea0 Uncommon trap: trap_request=0xffffff45 fr.pc=0x0000015f77a74998 relative=0x0000000000000c18
Event: 384.139 Thread 0x0000015f1d0b0ea0 Uncommon trap: reason=unstable_if action=reinterpret pc=0x0000015f77a74998 method=java.util.concurrent.locks.ReentrantLock$NonfairSync.tryAcquire(I)Z @ 4 c2
Event: 384.139 Thread 0x0000015f1d0b0ea0 DEOPT PACKING pc=0x0000015f77a74998 sp=0x0000003fc99fed40
Event: 384.139 Thread 0x0000015f1d0b0ea0 DEOPT UNPACKING pc=0x0000015f773323a3 sp=0x0000003fc99fecb8 mode 2
Event: 414.792 Thread 0x0000015f1c5ebbf0 Uncommon trap: trap_request=0xffffff45 fr.pc=0x0000015f778d9b0c relative=0x00000000000005cc
Event: 414.792 Thread 0x0000015f1c5ebbf0 Uncommon trap: reason=unstable_if action=reinterpret pc=0x0000015f778d9b0c method=java.util.HashMap.hash(Ljava/lang/Object;)I @ 1 c2
Event: 414.792 Thread 0x0000015f1c5ebbf0 DEOPT PACKING pc=0x0000015f778d9b0c sp=0x0000003fcbaf62d0
Event: 414.792 Thread 0x0000015f1c5ebbf0 DEOPT UNPACKING pc=0x0000015f773323a3 sp=0x0000003fcbaf6178 mode 2

Classes unloaded (0 events):
No events

Classes redefined (0 events):
No events

Internal exceptions (20 events):
Event: 370.293 Thread 0x0000015f1c5ebbf0 Exception <a 'java/lang/NoSuchMethodError'{0x00000000ea74f990}: 'void java.lang.invoke.Invokers$Holder.invoke_MT(java.lang.Object, java.lang.Object, java.lang.Object, java.lang.Object)'> (0x00000000ea74f990) 
thrown [s\open\src\hotspot\share\interpreter\linkResolver.cpp, line 759]
Event: 373.175 Thread 0x0000015f1c5ebbf0 Exception <a 'java/lang/ClassNotFoundException'{0x00000000ea6cceb0}: org/gradle/invocation/DefaultGradle_DecoratedBeanInfo> (0x00000000ea6cceb0) 
thrown [s\open\src\hotspot\share\classfile\systemDictionary.cpp, line 256]
Event: 373.188 Thread 0x0000015f1c5ebbf0 Exception <a 'java/lang/ClassNotFoundException'{0x00000000ea6db888}: org/gradle/invocation/DefaultGradleBeanInfo> (0x00000000ea6db888) 
thrown [s\open\src\hotspot\share\classfile\systemDictionary.cpp, line 256]
Event: 373.201 Thread 0x0000015f1c5ebbf0 Exception <a 'java/lang/ClassNotFoundException'{0x00000000ea6ea8d0}: org/gradle/api/internal/project/AbstractPluginAwareBeanInfo> (0x00000000ea6ea8d0) 
thrown [s\open\src\hotspot\share\classfile\systemDictionary.cpp, line 256]
Event: 373.204 Thread 0x0000015f1c5ebbf0 Exception <a 'java/lang/ClassNotFoundException'{0x00000000ea6f9bf0}: org/gradle/api/internal/project/AbstractPluginAwareCustomizer> (0x00000000ea6f9bf0) 
thrown [s\open\src\hotspot\share\classfile\systemDictionary.cpp, line 256]
Event: 373.836 Thread 0x0000015f1c5ebbf0 Exception <a 'java/lang/ClassNotFoundException'{0x00000000ea50e748}: org/gradle/invocation/DefaultGradleCustomizer> (0x00000000ea50e748) 
thrown [s\open\src\hotspot\share\classfile\systemDictionary.cpp, line 256]
Event: 373.847 Thread 0x0000015f1c5ebbf0 Exception <a 'java/lang/ClassNotFoundException'{0x00000000ea54f870}: org/gradle/invocation/DefaultGradle_DecoratedCustomizer> (0x00000000ea54f870) 
thrown [s\open\src\hotspot\share\classfile\systemDictionary.cpp, line 256]
Event: 379.239 Thread 0x0000015f1c5ebbf0 Exception <a 'java/lang/ClassNotFoundException'{0x00000000eff5edf8}: groovy/lang/Closure$1BeanInfo> (0x00000000eff5edf8) 
thrown [s\open\src\hotspot\share\classfile\systemDictionary.cpp, line 256]
Event: 379.267 Thread 0x0000015f1c5ebbf0 Exception <a 'java/lang/ClassNotFoundException'{0x00000000eff7b3a8}: groovy/lang/ClosureBeanInfo> (0x00000000eff7b3a8) 
thrown [s\open\src\hotspot\share\classfile\systemDictionary.cpp, line 256]
Event: 379.281 Thread 0x0000015f1c5ebbf0 Exception <a 'java/lang/ClassNotFoundException'{0x00000000eff97a50}: groovy/lang/ClosureCustomizer> (0x00000000eff97a50) 
thrown [s\open\src\hotspot\share\classfile\systemDictionary.cpp, line 256]
Event: 379.299 Thread 0x0000015f1c5ebbf0 Exception <a 'java/lang/ClassNotFoundException'{0x00000000effd8ad8}: groovy/lang/Closure$1Customizer> (0x00000000effd8ad8) 
thrown [s\open\src\hotspot\share\classfile\systemDictionary.cpp, line 256]
Event: 404.644 Thread 0x0000015f1c5ebbf0 Exception <a 'java/lang/ClassNotFoundException'{0x00000000efd0c048}: ijJvmDebugger1_exmxupjwh5nqm9tjsvxoy7vziBeanInfo> (0x00000000efd0c048) 
thrown [s\open\src\hotspot\share\classfile\systemDictionary.cpp, line 256]
Event: 404.648 Thread 0x0000015f1c5ebbf0 Exception <a 'java/lang/ClassNotFoundException'{0x00000000efd12890}: ijJvmDebugger1_exmxupjwh5nqm9tjsvxoy7vziCustomizer> (0x00000000efd12890) 
thrown [s\open\src\hotspot\share\classfile\systemDictionary.cpp, line 256]
Event: 405.536 Thread 0x0000015f1c5ebbf0 Exception <a 'java/lang/ClassNotFoundException'{0x00000000efd681b8}: org/gradle/internal/metaobject/ConfigureDelegateBeanInfo> (0x00000000efd681b8) 
thrown [s\open\src\hotspot\share\classfile\systemDictionary.cpp, line 256]
Event: 405.538 Thread 0x0000015f1c5ebbf0 Exception <a 'java/lang/ClassNotFoundException'{0x00000000efd77140}: org/gradle/internal/metaobject/ConfigureDelegateCustomizer> (0x00000000efd77140) 
thrown [s\open\src\hotspot\share\classfile\systemDictionary.cpp, line 256]
Event: 405.816 Thread 0x0000015f1c5ebbf0 Exception <a 'java/lang/ClassNotFoundException'{0x00000000efa7da10}: org/gradle/api/internal/initialization/DefaultScriptHandler_DecoratedBeanInfo> (0x00000000efa7da10) 
thrown [s\open\src\hotspot\share\classfile\systemDictionary.cpp, line 256]
Event: 405.819 Thread 0x0000015f1c5ebbf0 Exception <a 'java/lang/ClassNotFoundException'{0x00000000efa8eaa0}: org/gradle/api/internal/initialization/DefaultScriptHandlerBeanInfo> (0x00000000efa8eaa0) 
thrown [s\open\src\hotspot\share\classfile\systemDictionary.cpp, line 256]
Event: 405.822 Thread 0x0000015f1c5ebbf0 Exception <a 'java/lang/ClassNotFoundException'{0x00000000efa9fb50}: org/gradle/api/internal/initialization/DefaultScriptHandlerCustomizer> (0x00000000efa9fb50) 
thrown [s\open\src\hotspot\share\classfile\systemDictionary.cpp, line 256]
Event: 405.831 Thread 0x0000015f1c5ebbf0 Exception <a 'java/lang/ClassNotFoundException'{0x00000000efabd100}: org/gradle/api/internal/initialization/DefaultScriptHandler_DecoratedCustomizer> (0x00000000efabd100) 
thrown [s\open\src\hotspot\share\classfile\systemDictionary.cpp, line 256]
Event: 414.791 Thread 0x0000015f1c5ebbf0 Implicit null exception at 0x0000015f778d958f to 0x0000015f778d9aec

VM Operations (20 events):
Event: 405.444 Executing VM operation: Cleanup
Event: 405.524 Executing VM operation: Cleanup done
Event: 406.537 Executing VM operation: Cleanup
Event: 406.993 Executing VM operation: Cleanup done
Event: 408.005 Executing VM operation: Cleanup
Event: 408.100 Executing VM operation: Cleanup done
Event: 414.141 Executing VM operation: Cleanup
Event: 414.769 Executing VM operation: Cleanup done
Event: 415.772 Executing VM operation: Cleanup
Event: 417.535 Executing VM operation: Cleanup done
Event: 417.680 Executing VM operation: HandshakeAllThreads
Event: 417.681 Executing VM operation: HandshakeAllThreads done
Event: 418.689 Executing VM operation: Cleanup
Event: 418.689 Executing VM operation: Cleanup done
Event: 419.706 Executing VM operation: Cleanup
Event: 419.847 Executing VM operation: Cleanup done
Event: 421.874 Executing VM operation: HandshakeAllThreads
Event: 422.127 Executing VM operation: HandshakeAllThreads done
Event: 422.127 Executing VM operation: Cleanup
Event: 422.551 Executing VM operation: Cleanup done

Events (20 events):
Event: 376.209 loading class sun/reflect/MagicAccessorImpl done
Event: 379.282 loading class sun/reflect/generics/tree/IntSignature
Event: 379.287 loading class sun/reflect/generics/tree/IntSignature done
Event: 379.287 loading class sun/reflect/generics/tree/ArrayTypeSignature
Event: 379.294 loading class sun/reflect/generics/tree/ArrayTypeSignature done
Event: 379.300 loading class com/sun/beans/finder/MethodFinder
Event: 379.300 loading class com/sun/beans/finder/AbstractFinder
Event: 379.300 loading class com/sun/beans/finder/AbstractFinder done
Event: 379.300 loading class com/sun/beans/finder/MethodFinder done
Event: 379.300 loading class com/sun/beans/finder/MethodFinder$1
Event: 379.300 loading class com/sun/beans/finder/MethodFinder$1 done
Event: 379.300 loading class com/sun/beans/finder/FinderUtils
Event: 379.300 loading class com/sun/beans/finder/FinderUtils done
Event: 398.720 Thread 0x0000015f1dd06980 Thread added: 0x0000015f1dd06980
Event: 405.714 loading class java/util/function/IntBinaryOperator
Event: 405.714 loading class java/util/function/IntBinaryOperator done
Event: 412.872 loading class java/lang/invoke/SerializedLambda
Event: 412.886 loading class java/lang/invoke/SerializedLambda done
Event: 419.569 loading class java/lang/SafeVarargs
Event: 419.570 loading class java/lang/SafeVarargs done


Dynamic libraries:
0x00007ff726730000 - 0x00007ff726740000 	C:\Program Files\Java\jdk-17\bin\java.exe
0x00007ffb8abb0000 - 0x00007ffb8adc7000 	C:\WINDOWS\SYSTEM32\ntdll.dll
0x00007ffb89e50000 - 0x00007ffb89f14000 	C:\WINDOWS\System32\KERNEL32.DLL
0x00007ffb88070000 - 0x00007ffb88443000 	C:\WINDOWS\System32\KERNELBASE.dll
0x00007ffb87eb0000 - 0x00007ffb87fc1000 	C:\WINDOWS\System32\ucrtbase.dll
0x00007ffb7fca0000 - 0x00007ffb7fcb9000 	C:\Program Files\Java\jdk-17\bin\jli.dll
0x00007ffb88e20000 - 0x00007ffb88ed1000 	C:\WINDOWS\System32\ADVAPI32.dll
0x00007ffb8a100000 - 0x00007ffb8a1a7000 	C:\WINDOWS\System32\msvcrt.dll
0x00007ffb8aa50000 - 0x00007ffb8aaf8000 	C:\WINDOWS\System32\sechost.dll
0x00007ffb88450000 - 0x00007ffb88478000 	C:\WINDOWS\System32\bcrypt.dll
0x00007ffb897c0000 - 0x00007ffb898d4000 	C:\WINDOWS\System32\RPCRT4.dll
0x00007ffb88c10000 - 0x00007ffb88dc1000 	C:\WINDOWS\System32\USER32.dll
0x00007ffb87e80000 - 0x00007ffb87ea6000 	C:\WINDOWS\System32\win32u.dll
0x00007ffb89f20000 - 0x00007ffb89f49000 	C:\WINDOWS\System32\GDI32.dll
0x00007ffb88670000 - 0x00007ffb8878b000 	C:\WINDOWS\System32\gdi32full.dll
0x00007ffb87fd0000 - 0x00007ffb8806a000 	C:\WINDOWS\System32\msvcp_win.dll
0x00007ffb6eac0000 - 0x00007ffb6ed58000 	C:\WINDOWS\WinSxS\amd64_microsoft.windows.common-controls_6595b64144ccf1df_6.0.22621.5124_none_270e8f4f7386d69d\COMCTL32.dll
0x00007ffb7d6e0000 - 0x00007ffb7d6ea000 	C:\WINDOWS\SYSTEM32\VERSION.dll
0x00007ffb7ebe0000 - 0x00007ffb7ebfb000 	C:\Program Files\Java\jdk-17\bin\VCRUNTIME140.dll
0x00007ffb89fe0000 - 0x00007ffb8a011000 	C:\WINDOWS\System32\IMM32.DLL
0x00007ffb80240000 - 0x00007ffb8024c000 	C:\Program Files\Java\jdk-17\bin\vcruntime140_1.dll
0x00007ffb55500000 - 0x00007ffb5558e000 	C:\Program Files\Java\jdk-17\bin\msvcp140.dll
0x00007ffb0f940000 - 0x00007ffb10520000 	C:\Program Files\Java\jdk-17\bin\server\jvm.dll
0x00007ffb88c00000 - 0x00007ffb88c08000 	C:\WINDOWS\System32\PSAPI.DLL
0x00007ffb6f160000 - 0x00007ffb6f169000 	C:\WINDOWS\SYSTEM32\WSOCK32.dll
0x00007ffb88b10000 - 0x00007ffb88b81000 	C:\WINDOWS\System32\WS2_32.dll
0x00007ffb7f430000 - 0x00007ffb7f464000 	C:\WINDOWS\SYSTEM32\WINMM.dll
0x00007ffb86da0000 - 0x00007ffb86db8000 	C:\WINDOWS\SYSTEM32\kernel.appcore.dll
0x00007ffb80220000 - 0x00007ffb8022a000 	C:\Program Files\Java\jdk-17\bin\jimage.dll
0x00007ffb85880000 - 0x00007ffb85ab2000 	C:\WINDOWS\SYSTEM32\DBGHELP.DLL
0x00007ffb89ab0000 - 0x00007ffb89e42000 	C:\WINDOWS\System32\combase.dll
0x00007ffb8a020000 - 0x00007ffb8a0f7000 	C:\WINDOWS\System32\OLEAUT32.dll
0x00007ffb643d0000 - 0x00007ffb64402000 	C:\WINDOWS\SYSTEM32\dbgcore.DLL
0x00007ffb885f0000 - 0x00007ffb8866b000 	C:\WINDOWS\System32\bcryptPrimitives.dll
0x00007ffb80170000 - 0x00007ffb8017e000 	C:\Program Files\Java\jdk-17\bin\instrument.dll
0x00007ffb6c950000 - 0x00007ffb6c975000 	C:\Program Files\Java\jdk-17\bin\java.dll
0x00007ffb50040000 - 0x00007ffb50117000 	C:\Program Files\Java\jdk-17\bin\jsvml.dll
0x00007ffb8a1b0000 - 0x00007ffb8aa46000 	C:\WINDOWS\System32\SHELL32.dll
0x00007ffb87d40000 - 0x00007ffb87e7f000 	C:\WINDOWS\System32\wintypes.dll
0x00007ffb85ba0000 - 0x00007ffb864ba000 	C:\WINDOWS\SYSTEM32\windows.storage.dll
0x00007ffb88f70000 - 0x00007ffb8907a000 	C:\WINDOWS\System32\SHCORE.dll
0x00007ffb8ab00000 - 0x00007ffb8ab63000 	C:\WINDOWS\System32\shlwapi.dll
0x00007ffb87bf0000 - 0x00007ffb87c1b000 	C:\WINDOWS\SYSTEM32\profapi.dll
0x00007ffb71fb0000 - 0x00007ffb71fc8000 	C:\Program Files\Java\jdk-17\bin\zip.dll
0x00007ffb70d90000 - 0x00007ffb70da9000 	C:\Program Files\Java\jdk-17\bin\net.dll
0x00007ffb7cbb0000 - 0x00007ffb7ccdc000 	C:\WINDOWS\SYSTEM32\WINHTTP.dll
0x00007ffb87220000 - 0x00007ffb8728a000 	C:\WINDOWS\system32\mswsock.dll
0x00007ffb70d10000 - 0x00007ffb70d26000 	C:\Program Files\Java\jdk-17\bin\nio.dll
0x00007ffb7f4a0000 - 0x00007ffb7f4b0000 	C:\Program Files\Java\jdk-17\bin\verify.dll
0x00007ffb6dd30000 - 0x00007ffb6dd57000 	C:\Users\chd00\.gradle\native\1def1411415f61bf3af743bc5b6707747c0891f09f0c88961ee8f79bc544acac\windows-amd64\native-platform.dll
0x00007ffb53b80000 - 0x00007ffb53bf8000 	C:\Users\chd00\.gradle\native\0.2.7\x86_64-windows-gnu\gradle-fileevents.dll
0x00007ffb7d120000 - 0x00007ffb7d12a000 	C:\Program Files\Java\jdk-17\bin\management.dll
0x00007ffb7b330000 - 0x00007ffb7b33b000 	C:\Program Files\Java\jdk-17\bin\management_ext.dll
0x00007ffb867d0000 - 0x00007ffb867fd000 	C:\WINDOWS\SYSTEM32\IPHLPAPI.DLL
0x00007ffb88f60000 - 0x00007ffb88f69000 	C:\WINDOWS\System32\NSI.dll
0x00007ffb7c770000 - 0x00007ffb7c789000 	C:\WINDOWS\SYSTEM32\dhcpcsvc6.DLL
0x00007ffb7c750000 - 0x00007ffb7c76f000 	C:\WINDOWS\SYSTEM32\dhcpcsvc.DLL
0x00007ffb86850000 - 0x00007ffb86952000 	C:\WINDOWS\SYSTEM32\DNSAPI.dll
0x00007ffb874a0000 - 0x00007ffb874bb000 	C:\WINDOWS\SYSTEM32\CRYPTSP.dll
0x00007ffb86d00000 - 0x00007ffb86d37000 	C:\WINDOWS\system32\rsaenh.dll
0x00007ffb87300000 - 0x00007ffb87328000 	C:\WINDOWS\SYSTEM32\USERENV.dll
0x00007ffb87490000 - 0x00007ffb8749c000 	C:\WINDOWS\SYSTEM32\CRYPTBASE.dll
0x00007ffb79680000 - 0x00007ffb7968e000 	C:\Program Files\Java\jdk-17\bin\sunmscapi.dll
0x00007ffb88480000 - 0x00007ffb885e7000 	C:\WINDOWS\System32\CRYPT32.dll
0x00007ffb87670000 - 0x00007ffb8769d000 	C:\WINDOWS\SYSTEM32\ncrypt.dll
0x00007ffb87630000 - 0x00007ffb87667000 	C:\WINDOWS\SYSTEM32\NTASN1.dll
0x00007ffb71f40000 - 0x00007ffb71f48000 	C:\WINDOWS\system32\wshunix.dll

dbghelp: loaded successfully - version: 4.0.5 - missing functions: none
symbol engine: initialized successfully - sym options: 0x614 - pdb path: .;C:\Program Files\Java\jdk-17\bin;C:\WINDOWS\SYSTEM32;C:\WINDOWS\WinSxS\amd64_microsoft.windows.common-controls_6595b64144ccf1df_6.0.22621.5124_none_270e8f4f7386d69d;C:\Program Files\Java\jdk-17\bin\server;C:\Users\chd00\.gradle\native\1def1411415f61bf3af743bc5b6707747c0891f09f0c88961ee8f79bc544acac\windows-amd64;C:\Users\chd00\.gradle\native\0.2.7\x86_64-windows-gnu

VM Arguments:
jvm_args: --add-opens=java.base/java.lang=ALL-UNNAMED --add-opens=java.base/java.lang.invoke=ALL-UNNAMED --add-opens=java.base/java.util=ALL-UNNAMED --add-opens=java.prefs/java.util.prefs=ALL-UNNAMED --add-exports=jdk.compiler/com.sun.tools.javac.api=ALL-UNNAMED --add-exports=jdk.compiler/com.sun.tools.javac.util=ALL-UNNAMED --add-opens=java.base/java.util=ALL-UNNAMED --add-opens=java.prefs/java.util.prefs=ALL-UNNAMED --add-opens=java.base/java.nio.charset=ALL-UNNAMED --add-opens=java.base/java.net=ALL-UNNAMED --add-opens=java.base/java.util.concurrent.atomic=ALL-UNNAMED --add-opens=java.xml/javax.xml.namespace=ALL-UNNAMED -XX:MaxMetaspaceSize=384m -XX:+HeapDumpOnOutOfMemoryError -Xms256m -Xmx512m -Dfile.encoding=UTF-8 -Duser.country=KR -Duser.language=ko -Duser.variant -javaagent:C:\Users\chd00\.gradle\wrapper\dists\gradle-8.13-bin\5xuhj0ry160q40clulazy9h7d\gradle-8.13\lib\agents\gradle-instrumentation-agent-8.13.jar 
java_command: org.gradle.launcher.daemon.bootstrap.GradleDaemon 8.13
java_class_path (initial): C:\Users\chd00\.gradle\wrapper\dists\gradle-8.13-bin\5xuhj0ry160q40clulazy9h7d\gradle-8.13\lib\gradle-daemon-main-8.13.jar
Launcher Type: SUN_STANDARD

[Global flags]
     intx CICompilerCount                          = 3                                         {product} {ergonomic}
   size_t CompressedClassSpaceSize                 = 335544320                                 {product} {ergonomic}
     uint ConcGCThreads                            = 1                                         {product} {ergonomic}
     uint G1ConcRefinementThreads                  = 4                                         {product} {ergonomic}
   size_t G1HeapRegionSize                         = 1048576                                   {product} {ergonomic}
    uintx GCDrainStackTargetSize                   = 64                                        {product} {ergonomic}
     bool HeapDumpOnOutOfMemoryError               = true                                   {manageable} {command line}
   size_t InitialHeapSize                          = 268435456                                 {product} {command line}
   size_t MarkStackSize                            = 4194304                                   {product} {ergonomic}
   size_t MaxHeapSize                              = 536870912                                 {product} {command line}
   size_t MaxMetaspaceSize                         = 402653184                                 {product} {command line}
   size_t MaxNewSize                               = 321912832                                 {product} {ergonomic}
   size_t MinHeapDeltaBytes                        = 1048576                                   {product} {ergonomic}
   size_t MinHeapSize                              = 268435456                                 {product} {command line}
    uintx NonNMethodCodeHeapSize                   = 5832780                                {pd product} {ergonomic}
    uintx NonProfiledCodeHeapSize                  = 122912730                              {pd product} {ergonomic}
    uintx ProfiledCodeHeapSize                     = 122912730                              {pd product} {ergonomic}
    uintx ReservedCodeCacheSize                    = 251658240                              {pd product} {ergonomic}
     bool SegmentedCodeCache                       = true                                      {product} {ergonomic}
   size_t SoftMaxHeapSize                          = 536870912                              {manageable} {ergonomic}
     bool UseCompressedClassPointers               = true                           {product lp64_product} {ergonomic}
     bool UseCompressedOops                        = true                           {product lp64_product} {ergonomic}
     bool UseG1GC                                  = true                                      {product} {ergonomic}
     bool UseLargePagesIndividualAllocation        = false                                  {pd product} {ergonomic}

Logging:
Log output configuration:
 #0: stdout all=warning uptime,level,tags
 #1: stderr all=off uptime,level,tags

Environment Variables:
JAVA_HOME=C:\Program Files\Java\jdk-17
CLASSPATH=C:\Program Files\Java\jdk-17\lib
PATH=C:\Program Files\Common Files\Oracle\Java\javapath;C:\Program Files (x86)\Intel\Intel(R) Management Engine Components\iCLS\;C:\Program Files\Intel\Intel(R) Management Engine Components\iCLS\;C:\WINDOWS\system32;C:\WINDOWS;C:\WINDOWS\System32\Wbem;C:\WINDOWS\System32\WindowsPowerShell\v1.0\;C:\WINDOWS\System32\OpenSSH\;C:\Program Files (x86)\Intel\Intel(R) Management Engine Components\DAL;C:\Program Files\Intel\Intel(R) Management Engine Components\DAL;C:\Program Files (x86)\Intel\Intel(R) Management Engine Components\IPT;C:\Program Files\Intel\Intel(R) Management Engine Components\IPT;C:\Program Files\Intel\WiFi\bin\;C:\Program Files\Common Files\Intel\WirelessCommon\;C:\Program Files\Git\cmd;C:\Program Files\Git\bin;;C:\Program Files\Docker\Docker\resources\bin;C:\Users\chd00\.cargo\bin;C:\Users\chd00\AppData\Local\Microsoft\WindowsApps;;C:\Program Files\JetBrains\IntelliJ IDEA 2024.3.5\bin;;C:\Program Files\JetBrains\IntelliJ IDEA Community Edition 2024.3.5\bin;
USERNAME=chd00
OS=Windows_NT
PROCESSOR_IDENTIFIER=Intel64 Family 6 Model 142 Stepping 10, GenuineIntel



---------------  S Y S T E M  ---------------

OS:
 Windows 11 , 64 bit Build 22621 (10.0.22621.5124)
OS uptime: 11 days 4:51 hours
Hyper-V role detected

CPU: total 4 (initial active 4) (2 cores per cpu, 2 threads per core) family 6 model 142 stepping 10 microcode 0xe0, cx8, cmov, fxsr, ht, mmx, 3dnowpref, sse, sse2, sse3, ssse3, sse4.1, sse4.2, popcnt, lzcnt, tsc, tscinvbit, avx, avx2, aes, erms, clmul, bmi1, bmi2, adx, fma, vzeroupper, clflush, clflushopt, hv

Memory: 4k page, system-wide physical 8107M (50M free)
TotalPageFile size 32683M (AvailPageFile size 8M)
current process WorkingSet (physical memory assigned to process): 68M, peak: 173M
current process commit charge ("private bytes"): 423M, peak: 429M

vm_info: Java HotSpot(TM) 64-Bit Server VM (17.0.12+8-LTS-286) for windows-amd64 JRE (17.0.12+8-LTS-286), built on Jun  5 2024 06:46:59 by "mach5one" with MS VC++ 17.6 (VS2022)

END.
